Using pre-set license
Built from '2020.3/staging' branch; Version is '2020.3.6f1 (338bb68529b2) revision 3378102'; Using compiler version '192528614'; Build Type 'Release'
OS: 'Windows 10 Pro; OS build 21390.1; Version 2009; 64bit' Language: 'ko' Physical Memory: 16251 MB
BatchMode: 1, IsHumanControllingUs: 0, StartBugReporterOnCrash: 0, Is64bit: 1, IsPro: 0

 COMMAND LINE ARGUMENTS:
C:\Program Files\Unity\Hub\2020.3.6f1\Editor\Unity.exe
-adb2
-batchMode
-noUpm
-name
AssetImportWorker0
-projectPath
C:/Users/dosak/University Stimulator
-logFile
Logs/AssetImportWorker0.log
-srvPort
4459
Successfully changed project path to: C:/Users/dosak/University Stimulator
C:/Users/dosak/University Stimulator
Using Asset Import Pipeline V2.
Refreshing native plugins compatible for Editor in 55.48 ms, found 1 plugins.
Preloading 0 native plugins for Editor in 0.00 ms.
Initialize engine version: 2020.3.6f1 (338bb68529b2)
[Subsystems] Discovering subsystems at path C:/Program Files/Unity/Hub/2020.3.6f1/Editor/Data/Resources/UnitySubsystems
[Subsystems] Discovering subsystems at path C:/Users/dosak/University Stimulator/Assets
GfxDevice: creating device client; threaded=0
Direct3D:
    Version:  Direct3D 11.0 [level 11.1]
    Renderer: NVIDIA GeForce GTX 1660 Ti (ID=0x2191)
    Vendor:   
    VRAM:     5991 MB
    Driver:   27.21.14.6647
Initialize mono
Mono path[0] = 'C:/Program Files/Unity/Hub/2020.3.6f1/Editor/Data/Managed'
Mono path[1] = 'C:/Program Files/Unity/Hub/2020.3.6f1/Editor/Data/MonoBleedingEdge/lib/mono/unityjit'
Mono config path = 'C:/Program Files/Unity/Hub/2020.3.6f1/Editor/Data/MonoBleedingEdge/etc'
Using monoOptions --debugger-agent=transport=dt_socket,embedding=1,server=y,suspend=n,address=127.0.0.1:56652
Begin MonoManager ReloadAssembly
Registering precompiled unity dll's ...
Register platform support module: C:/Program Files/Unity/Hub/2020.3.6f1/Editor/Data/PlaybackEngines/WindowsStandaloneSupport/UnityEditor.WindowsStandalone.Extensions.dll
Registered in 0.001917 seconds.
Native extension for WindowsStandalone target not found
Refreshing native plugins compatible for Editor in 61.28 ms, found 1 plugins.
Preloading 0 native plugins for Editor in 0.00 ms.
Mono: successfully reloaded assembly
- Completed reload, in  1.021 seconds
Platform modules already initialized, skipping
Registering precompiled user dll's ...
Registered in 0.001327 seconds.
Begin MonoManager ReloadAssembly
Native extension for WindowsStandalone target not found
Refreshing native plugins compatible for Editor in 56.56 ms, found 1 plugins.
Preloading 0 native plugins for Editor in 0.00 ms.
Mono: successfully reloaded assembly
- Completed reload, in  0.920 seconds
Platform modules already initialized, skipping
========================================================================
Worker process is ready to serve import requests
Launched and connected shader compiler UnityShaderCompiler.exe after 0.04 seconds
Refreshing native plugins compatible for Editor in 0.60 ms, found 1 plugins.
Preloading 0 native plugins for Editor in 0.00 ms.
Unloading 2111 Unused Serialized files (Serialized files now loaded: 0)
System memory in use before: 101.1 MB.
System memory in use after: 101.1 MB.

Unloading 26 unused Assets to reduce memory usage. Loaded Objects now: 2556.
Total: 2.429000 ms (FindLiveObjects: 0.385700 ms CreateObjectMapping: 0.172900 ms MarkObjects: 1.761100 ms  DeleteObjects: 0.107900 ms)

========================================================================
Received Import Request.
  path: Assets/[MiDaEm]/CPACK
  artifactKey: Guid(43296629983c313439cc94ad1af5a1ed) Importer(815301076,1909f56bfc062723c751e8b465ee728b)
Start importing Assets/[MiDaEm]/CPACK using Guid(43296629983c313439cc94ad1af5a1ed) Importer(815301076,1909f56bfc062723c751e8b465ee728b)  -> (artifact id: '972442a1d668282612e510707f862ecf') in 0.021383 seconds
  Import took 0.030076 seconds .

========================================================================
Received Import Request.
  Time since last request: 0.000348 seconds.
  path: Assets/[MiDaEm]/CPACK/Female
  artifactKey: Guid(e4be1daa81ab349f9bd2b9ba93b2d0e1) Importer(815301076,1909f56bfc062723c751e8b465ee728b)
Start importing Assets/[MiDaEm]/CPACK/Female using Guid(e4be1daa81ab349f9bd2b9ba93b2d0e1) Importer(815301076,1909f56bfc062723c751e8b465ee728b)  -> (artifact id: '8c4b5fd0af52deece4f86a4f795f159c') in 0.010553 seconds
  Import took 0.014032 seconds .

========================================================================
Received Import Request.
  Time since last request: 1.685241 seconds.
  path: Assets/[MiDaEm]/CPACK/Female/Layer0_Back Hair
  artifactKey: Guid(0d927ad4e13584753afd39aa9cb1813f) Importer(815301076,1909f56bfc062723c751e8b465ee728b)
Start importing Assets/[MiDaEm]/CPACK/Female/Layer0_Back Hair using Guid(0d927ad4e13584753afd39aa9cb1813f) Importer(815301076,1909f56bfc062723c751e8b465ee728b)  -> (artifact id: '3f1041c026ea8a9453eaa9a22756d928') in 0.011827 seconds
  Import took 0.015086 seconds .

========================================================================
Received Import Request.
  Time since last request: 0.133996 seconds.
  path: Assets/[MiDaEm]/CPACK/Female/Layer0_Back Hair/Female_Hair_05_B.png
  artifactKey: Guid(f212c3fc1b1e2485d825bf9863f72652) Importer(815301076,1909f56bfc062723c751e8b465ee728b)
Start importing Assets/[MiDaEm]/CPACK/Female/Layer0_Back Hair/Female_Hair_05_B.png using Guid(f212c3fc1b1e2485d825bf9863f72652) Importer(815301076,1909f56bfc062723c751e8b465ee728b)  -> (artifact id: '155a91a967b8a49da60309eb7621ab84') in 0.096607 seconds
  Import took 0.100316 seconds .

========================================================================
Received Import Request.
  Time since last request: 0.000319 seconds.
  path: Assets/[MiDaEm]/CPACK/Female/Layer0_Back Hair/Female_Hair_21_B.png
  artifactKey: Guid(903636c00ea684a70993a979b990b314) Importer(815301076,1909f56bfc062723c751e8b465ee728b)
Start importing Assets/[MiDaEm]/CPACK/Female/Layer0_Back Hair/Female_Hair_21_B.png using Guid(903636c00ea684a70993a979b990b314) Importer(815301076,1909f56bfc062723c751e8b465ee728b)  -> (artifact id: '6e5fd4af5fe4b6ab07b7d6d69d80ca70') in 0.017901 seconds
  Import took 0.021711 seconds .

========================================================================
Received Import Request.
  Time since last request: 0.000252 seconds.
  path: Assets/[MiDaEm]/CPACK/Female/Layer0_Back Hair/Female_Hair_06_B.png
  artifactKey: Guid(84ebe176cbcef4a4cac406adf93fd8f7) Importer(815301076,1909f56bfc062723c751e8b465ee728b)
Start importing Assets/[MiDaEm]/CPACK/Female/Layer0_Back Hair/Female_Hair_06_B.png using Guid(84ebe176cbcef4a4cac406adf93fd8f7) Importer(815301076,1909f56bfc062723c751e8b465ee728b)  -> (artifact id: 'e472058bde8f7b2f360725641a9e6990') in 0.016278 seconds
  Import took 0.019931 seconds .

========================================================================
Received Import Request.
  Time since last request: 0.000271 seconds.
  path: Assets/[MiDaEm]/CPACK/Female/Layer0_Back Hair/Female_Hair_24_B.png
  artifactKey: Guid(196ef2ea8d2bb4e20bb721775d9375ea) Importer(815301076,1909f56bfc062723c751e8b465ee728b)
Start importing Assets/[MiDaEm]/CPACK/Female/Layer0_Back Hair/Female_Hair_24_B.png using Guid(196ef2ea8d2bb4e20bb721775d9375ea) Importer(815301076,1909f56bfc062723c751e8b465ee728b)  -> (artifact id: 'b7578f788170a62dd5101e469a4ec753') in 0.017465 seconds
  Import took 0.021178 seconds .

========================================================================
Received Import Request.
  Time since last request: 0.000258 seconds.
  path: Assets/[MiDaEm]/CPACK/Female/Layer0_Back Hair/Female_Hair_25_B.png
  artifactKey: Guid(085ef085590a34520960badbee50b162) Importer(815301076,1909f56bfc062723c751e8b465ee728b)
Start importing Assets/[MiDaEm]/CPACK/Female/Layer0_Back Hair/Female_Hair_25_B.png using Guid(085ef085590a34520960badbee50b162) Importer(815301076,1909f56bfc062723c751e8b465ee728b)  -> (artifact id: '4fd3582a72b9a456c6ba6b85b2aca435') in 0.016849 seconds
  Import took 0.020497 seconds .

========================================================================
Received Import Request.
  Time since last request: 0.000226 seconds.
  path: Assets/[MiDaEm]/CPACK/Female/Layer0_Back Hair/Female_Hair_27_B.png
  artifactKey: Guid(6c3aad60923e741dcaeb308791779563) Importer(815301076,1909f56bfc062723c751e8b465ee728b)
Start importing Assets/[MiDaEm]/CPACK/Female/Layer0_Back Hair/Female_Hair_27_B.png using Guid(6c3aad60923e741dcaeb308791779563) Importer(815301076,1909f56bfc062723c751e8b465ee728b)  -> (artifact id: 'bc447f8eddd3d7d66375b010b0bd0b93') in 0.015947 seconds
  Import took 0.026606 seconds .

========================================================================
Received Import Request.
  Time since last request: 0.000242 seconds.
  path: Assets/[MiDaEm]/CPACK/Female/Layer0_Back Hair/Female_Hair_23_B.png
  artifactKey: Guid(156c5154affcb4b46ad1d66cfc807fb5) Importer(815301076,1909f56bfc062723c751e8b465ee728b)
Start importing Assets/[MiDaEm]/CPACK/Female/Layer0_Back Hair/Female_Hair_23_B.png using Guid(156c5154affcb4b46ad1d66cfc807fb5) Importer(815301076,1909f56bfc062723c751e8b465ee728b)  -> (artifact id: 'bce218f0f994faa7cbba9878a7f64a8e') in 0.015600 seconds
  Import took 0.019407 seconds .

========================================================================
Received Import Request.
  Time since last request: 0.000266 seconds.
  path: Assets/[MiDaEm]/CPACK/Female/Layer0_Back Hair/Female_Hair_22_B.png
  artifactKey: Guid(bf54037161d054404b5ea53940380039) Importer(815301076,1909f56bfc062723c751e8b465ee728b)
Start importing Assets/[MiDaEm]/CPACK/Female/Layer0_Back Hair/Female_Hair_22_B.png using Guid(bf54037161d054404b5ea53940380039) Importer(815301076,1909f56bfc062723c751e8b465ee728b)  -> (artifact id: 'aab03287b5bf7fd5be115cd6c76453b5') in 0.015593 seconds
  Import took 0.018800 seconds .

========================================================================
Received Import Request.
  Time since last request: 0.000257 seconds.
  path: Assets/[MiDaEm]/CPACK/Female/Layer0_Back Hair/Female_Hair_05_B.png
  artifactKey: Guid(f212c3fc1b1e2485d825bf9863f72652) Importer(815301076,1909f56bfc062723c751e8b465ee728b)
Start importing Assets/[MiDaEm]/CPACK/Female/Layer0_Back Hair/Female_Hair_05_B.png using Guid(f212c3fc1b1e2485d825bf9863f72652) Importer(815301076,1909f56bfc062723c751e8b465ee728b)  -> (artifact id: '155a91a967b8a49da60309eb7621ab84') in 0.011416 seconds
  Import took 0.015441 seconds .

========================================================================
Received Import Request.
  Time since last request: 0.000227 seconds.
  path: Assets/[MiDaEm]/CPACK/Female/Layer0_Back Hair/Female_Hair_26_B.png
  artifactKey: Guid(04661f017ef3c4434a65ee904c7a1c65) Importer(815301076,1909f56bfc062723c751e8b465ee728b)
Start importing Assets/[MiDaEm]/CPACK/Female/Layer0_Back Hair/Female_Hair_26_B.png using Guid(04661f017ef3c4434a65ee904c7a1c65) Importer(815301076,1909f56bfc062723c751e8b465ee728b)  -> (artifact id: '606e68fdf84dda7f1275fe9560ddac31') in 0.014884 seconds
  Import took 0.018594 seconds .

========================================================================
Received Import Request.
  Time since last request: 0.000242 seconds.
  path: Assets/[MiDaEm]/CPACK/Female/Layer0_Back Hair/Female_Hair_08_B.png
  artifactKey: Guid(dd986c0add9e34e09b904d42c0efe78e) Importer(815301076,1909f56bfc062723c751e8b465ee728b)
Start importing Assets/[MiDaEm]/CPACK/Female/Layer0_Back Hair/Female_Hair_08_B.png using Guid(dd986c0add9e34e09b904d42c0efe78e) Importer(815301076,1909f56bfc062723c751e8b465ee728b)  -> (artifact id: '3482e8f7bb1c28ea24717603646ed745') in 0.015923 seconds
  Import took 0.019607 seconds .

========================================================================
Received Import Request.
  Time since last request: 0.000256 seconds.
  path: Assets/[MiDaEm]/CPACK/Female/Layer0_Back Hair/Female_Hair_07_B.png
  artifactKey: Guid(bf924305ad6d3434dad05ae113444402) Importer(815301076,1909f56bfc062723c751e8b465ee728b)
Start importing Assets/[MiDaEm]/CPACK/Female/Layer0_Back Hair/Female_Hair_07_B.png using Guid(bf924305ad6d3434dad05ae113444402) Importer(815301076,1909f56bfc062723c751e8b465ee728b)  -> (artifact id: '15bfd10b57daa9c29d484ac23d02f690') in 0.016851 seconds
  Import took 0.020532 seconds .

========================================================================
Received Import Request.
  Time since last request: 2.721540 seconds.
  path: Assets/[MiDaEm]/CPACK/Female/Layer1_Skin/Female_Skin_01.png
  artifactKey: Guid(21771283042bc4564a503585228fa993) Importer(815301076,1909f56bfc062723c751e8b465ee728b)
Start importing Assets/[MiDaEm]/CPACK/Female/Layer1_Skin/Female_Skin_01.png using Guid(21771283042bc4564a503585228fa993) Importer(815301076,1909f56bfc062723c751e8b465ee728b)  -> (artifact id: '6a3e821269fd0667107101bf96ccf245') in 0.172748 seconds
  Import took 0.176872 seconds .

========================================================================
Received Import Request.
  Time since last request: 0.000206 seconds.
  path: Assets/[MiDaEm]/CPACK/Female/Layer1_Skin/Female_Skin_02.png
  artifactKey: Guid(cb451b01ac81f4eed8731d35e7e12be5) Importer(815301076,1909f56bfc062723c751e8b465ee728b)
Start importing Assets/[MiDaEm]/CPACK/Female/Layer1_Skin/Female_Skin_02.png using Guid(cb451b01ac81f4eed8731d35e7e12be5) Importer(815301076,1909f56bfc062723c751e8b465ee728b)  -> (artifact id: '5c0db3f729ffdd510bbb8c3bc0bfe8ed') in 0.014820 seconds
  Import took 0.019045 seconds .

========================================================================
Received Import Request.
  Time since last request: 0.000241 seconds.
  path: Assets/[MiDaEm]/CPACK/Female/Layer1_Skin/Female_Skin_05.png
  artifactKey: Guid(9a9cb18f2589d4df2b1433c5ab02898f) Importer(815301076,1909f56bfc062723c751e8b465ee728b)
Start importing Assets/[MiDaEm]/CPACK/Female/Layer1_Skin/Female_Skin_05.png using Guid(9a9cb18f2589d4df2b1433c5ab02898f) Importer(815301076,1909f56bfc062723c751e8b465ee728b)  -> (artifact id: '8e0aab868beddfe1aef64a81b186aeac') in 0.016398 seconds
  Import took 0.020790 seconds .

========================================================================
Received Import Request.
  Time since last request: 0.000232 seconds.
  path: Assets/[MiDaEm]/CPACK/Female/Layer1_Skin/Female_Skin_03.png
  artifactKey: Guid(2c8f2df5e3e444c80b68e0fcd18e0c3e) Importer(815301076,1909f56bfc062723c751e8b465ee728b)
Start importing Assets/[MiDaEm]/CPACK/Female/Layer1_Skin/Female_Skin_03.png using Guid(2c8f2df5e3e444c80b68e0fcd18e0c3e) Importer(815301076,1909f56bfc062723c751e8b465ee728b)  -> (artifact id: '671fe01be0d05b8847d3b0f507fa9427') in 0.018839 seconds
  Import took 0.022377 seconds .

========================================================================
Received Import Request.
  Time since last request: 0.000596 seconds.
  path: Assets/[MiDaEm]/CPACK/Female/Layer1_Skin/Female_Skin_04.png
  artifactKey: Guid(a328ae2e65322453ea98b7e77a585eb4) Importer(815301076,1909f56bfc062723c751e8b465ee728b)
Start importing Assets/[MiDaEm]/CPACK/Female/Layer1_Skin/Female_Skin_04.png using Guid(a328ae2e65322453ea98b7e77a585eb4) Importer(815301076,1909f56bfc062723c751e8b465ee728b)  -> (artifact id: '4d5f1418ea27e7d2bcc9d6d0d340b5b0') in 0.016021 seconds
  Import took 0.020029 seconds .

========================================================================
Received Import Request.
  Time since last request: 0.493283 seconds.
  path: Assets/[MiDaEm]/CPACK/Female/Layer2_Eyes/Female_Eyes_01.png
  artifactKey: Guid(a360bfa3140ad4c06a47655045b5092a) Importer(815301076,1909f56bfc062723c751e8b465ee728b)
Start importing Assets/[MiDaEm]/CPACK/Female/Layer2_Eyes/Female_Eyes_01.png using Guid(a360bfa3140ad4c06a47655045b5092a) Importer(815301076,1909f56bfc062723c751e8b465ee728b)  -> (artifact id: 'ff503d9551edc9179c422d143baa1126') in 0.064158 seconds
  Import took 0.067882 seconds .

========================================================================
Received Import Request.
  Time since last request: 0.000236 seconds.
  path: Assets/[MiDaEm]/CPACK/Female/Layer2_Eyes/Female_Eyes_02.png
  artifactKey: Guid(025959ac686ff447597e16a8018fcc0d) Importer(815301076,1909f56bfc062723c751e8b465ee728b)
Start importing Assets/[MiDaEm]/CPACK/Female/Layer2_Eyes/Female_Eyes_02.png using Guid(025959ac686ff447597e16a8018fcc0d) Importer(815301076,1909f56bfc062723c751e8b465ee728b)  -> (artifact id: 'dcf909942d2e34727f62f3e6d3fbc553') in 0.014525 seconds
  Import took 0.017767 seconds .

========================================================================
Received Import Request.
  Time since last request: 0.000357 seconds.
  path: Assets/[MiDaEm]/CPACK/Female/Layer2_Eyes/Female_Eyes_03.png
  artifactKey: Guid(ccaddd43cb41b461694732b4443dfd74) Importer(815301076,1909f56bfc062723c751e8b465ee728b)
Start importing Assets/[MiDaEm]/CPACK/Female/Layer2_Eyes/Female_Eyes_03.png using Guid(ccaddd43cb41b461694732b4443dfd74) Importer(815301076,1909f56bfc062723c751e8b465ee728b)  -> (artifact id: '1522ab69ea26d22b54dac28c904d2a36') in 0.015492 seconds
  Import took 0.019716 seconds .

========================================================================
Received Import Request.
  Time since last request: 0.000249 seconds.
  path: Assets/[MiDaEm]/CPACK/Female/Layer2_Eyes/Female_Eyes_04.png
  artifactKey: Guid(e8830d7d542f848b18d012899ec6e51b) Importer(815301076,1909f56bfc062723c751e8b465ee728b)
Start importing Assets/[MiDaEm]/CPACK/Female/Layer2_Eyes/Female_Eyes_04.png using Guid(e8830d7d542f848b18d012899ec6e51b) Importer(815301076,1909f56bfc062723c751e8b465ee728b)  -> (artifact id: 'a3e35d383aa78c25800ba15421209b68') in 0.016108 seconds
  Import took 0.020228 seconds .

========================================================================
Received Import Request.
  Time since last request: 1.456272 seconds.
  path: Assets/[MiDaEm]/CPACK/Female/Layer3_Shirt/Female_Shirt_01.png
  artifactKey: Guid(285eca0f71be7463aaba295e2a5986ff) Importer(815301076,1909f56bfc062723c751e8b465ee728b)
Start importing Assets/[MiDaEm]/CPACK/Female/Layer3_Shirt/Female_Shirt_01.png using Guid(285eca0f71be7463aaba295e2a5986ff) Importer(815301076,1909f56bfc062723c751e8b465ee728b)  -> (artifact id: '48e492d58759635ba470b8cec90424bb') in 0.126464 seconds
  Import took 0.129857 seconds .

========================================================================
Received Import Request.
  Time since last request: 0.000255 seconds.
  path: Assets/[MiDaEm]/CPACK/Female/Layer3_Shirt/Female_Shirt_13.png
  artifactKey: Guid(02436d942a6cb4a9f92e23d05b07f917) Importer(815301076,1909f56bfc062723c751e8b465ee728b)
Start importing Assets/[MiDaEm]/CPACK/Female/Layer3_Shirt/Female_Shirt_13.png using Guid(02436d942a6cb4a9f92e23d05b07f917) Importer(815301076,1909f56bfc062723c751e8b465ee728b)  -> (artifact id: '91ad55d151e5cab3184d37e6bd0f3b6e') in 0.015761 seconds
  Import took 0.019768 seconds .

========================================================================
Received Import Request.
  Time since last request: 0.000207 seconds.
  path: Assets/[MiDaEm]/CPACK/Female/Layer3_Shirt/Female_Shirt_08.png
  artifactKey: Guid(3dba933ed548a41679e8db2e04b37efc) Importer(815301076,1909f56bfc062723c751e8b465ee728b)
Start importing Assets/[MiDaEm]/CPACK/Female/Layer3_Shirt/Female_Shirt_08.png using Guid(3dba933ed548a41679e8db2e04b37efc) Importer(815301076,1909f56bfc062723c751e8b465ee728b)  -> (artifact id: 'eacfc1ddfdc0d209869a1c3b6c06a5f1') in 0.014743 seconds
  Import took 0.018429 seconds .

========================================================================
Received Import Request.
  Time since last request: 0.000349 seconds.
  path: Assets/[MiDaEm]/CPACK/Female/Layer3_Shirt/Female_Shirt_11.png
  artifactKey: Guid(6c27c291f43bf45149310dc4bf0357c8) Importer(815301076,1909f56bfc062723c751e8b465ee728b)
Start importing Assets/[MiDaEm]/CPACK/Female/Layer3_Shirt/Female_Shirt_11.png using Guid(6c27c291f43bf45149310dc4bf0357c8) Importer(815301076,1909f56bfc062723c751e8b465ee728b)  -> (artifact id: '872abfa01751ac87eeb99e034eea69a9') in 0.014948 seconds
  Import took 0.018919 seconds .

========================================================================
Received Import Request.
  Time since last request: 0.000250 seconds.
  path: Assets/[MiDaEm]/CPACK/Female/Layer3_Shirt/Female_Shirt_04.png
  artifactKey: Guid(898b2faf11ee846c7a8d6d968bf20408) Importer(815301076,1909f56bfc062723c751e8b465ee728b)
Start importing Assets/[MiDaEm]/CPACK/Female/Layer3_Shirt/Female_Shirt_04.png using Guid(898b2faf11ee846c7a8d6d968bf20408) Importer(815301076,1909f56bfc062723c751e8b465ee728b)  -> (artifact id: 'a836158fbec9b5f8aff9ba2d7af7e566') in 0.015544 seconds
  Import took 0.019498 seconds .

========================================================================
Received Import Request.
  Time since last request: 0.000233 seconds.
  path: Assets/[MiDaEm]/CPACK/Female/Layer3_Shirt/Female_Shirt_15.png
  artifactKey: Guid(fd79e799ff53f44d5818783583da901a) Importer(815301076,1909f56bfc062723c751e8b465ee728b)
Start importing Assets/[MiDaEm]/CPACK/Female/Layer3_Shirt/Female_Shirt_15.png using Guid(fd79e799ff53f44d5818783583da901a) Importer(815301076,1909f56bfc062723c751e8b465ee728b)  -> (artifact id: 'fa8d047e0f6ab554e99b0734f3b6f852') in 0.014593 seconds
  Import took 0.018179 seconds .

========================================================================
Received Import Request.
  Time since last request: 0.000229 seconds.
  path: Assets/[MiDaEm]/CPACK/Female/Layer3_Shirt/Female_Shirt_05.png
  artifactKey: Guid(62182794321b34805a3dbf5e9a1461d2) Importer(815301076,1909f56bfc062723c751e8b465ee728b)
Start importing Assets/[MiDaEm]/CPACK/Female/Layer3_Shirt/Female_Shirt_05.png using Guid(62182794321b34805a3dbf5e9a1461d2) Importer(815301076,1909f56bfc062723c751e8b465ee728b)  -> (artifact id: 'f15133455ebdf9dc3a0504394ca5a91a') in 0.014609 seconds
  Import took 0.018388 seconds .

========================================================================
Received Import Request.
  Time since last request: 0.000304 seconds.
  path: Assets/[MiDaEm]/CPACK/Female/Layer3_Shirt/Female_Shirt_07.png
  artifactKey: Guid(090bf2670c85b4b628b297e1b702ac2e) Importer(815301076,1909f56bfc062723c751e8b465ee728b)
Start importing Assets/[MiDaEm]/CPACK/Female/Layer3_Shirt/Female_Shirt_07.png using Guid(090bf2670c85b4b628b297e1b702ac2e) Importer(815301076,1909f56bfc062723c751e8b465ee728b)  -> (artifact id: 'b114fe3eb682046fc0962a3111010ef8') in 0.016823 seconds
  Import took 0.021359 seconds .

========================================================================
Received Import Request.
  Time since last request: 0.000247 seconds.
  path: Assets/[MiDaEm]/CPACK/Female/Layer3_Shirt/Female_Shirt_03.png
  artifactKey: Guid(b7f0affb13dc647658886773a7f584ca) Importer(815301076,1909f56bfc062723c751e8b465ee728b)
Start importing Assets/[MiDaEm]/CPACK/Female/Layer3_Shirt/Female_Shirt_03.png using Guid(b7f0affb13dc647658886773a7f584ca) Importer(815301076,1909f56bfc062723c751e8b465ee728b)  -> (artifact id: 'fc32ae04ebfd3ee2ac085ad633841a26') in 0.016427 seconds
  Import took 0.020090 seconds .

========================================================================
Received Import Request.
  Time since last request: 0.000425 seconds.
  path: Assets/[MiDaEm]/CPACK/Female/Layer3_Shirt/Female_Shirt_06.png
  artifactKey: Guid(43d51e85efaed4e4ead3de9eebae94a4) Importer(815301076,1909f56bfc062723c751e8b465ee728b)
Start importing Assets/[MiDaEm]/CPACK/Female/Layer3_Shirt/Female_Shirt_06.png using Guid(43d51e85efaed4e4ead3de9eebae94a4) Importer(815301076,1909f56bfc062723c751e8b465ee728b)  -> (artifact id: '6840266ab8dc12432491d343f10e00f3') in 0.016302 seconds
  Import took 0.020769 seconds .

========================================================================
Received Import Request.
  Time since last request: 0.000387 seconds.
  path: Assets/[MiDaEm]/CPACK/Female/Layer3_Shirt/Female_Shirt_10.png
  artifactKey: Guid(a23660eed0f9c4f3f8200fc9b19ed9a6) Importer(815301076,1909f56bfc062723c751e8b465ee728b)
Start importing Assets/[MiDaEm]/CPACK/Female/Layer3_Shirt/Female_Shirt_10.png using Guid(a23660eed0f9c4f3f8200fc9b19ed9a6) Importer(815301076,1909f56bfc062723c751e8b465ee728b)  -> (artifact id: '5665cf4ca896234fcaafdf66f9468854') in 0.016351 seconds
  Import took 0.020660 seconds .

========================================================================
Received Import Request.
  Time since last request: 0.000221 seconds.
  path: Assets/[MiDaEm]/CPACK/Female/Layer3_Shirt/Female_Shirt_14.png
  artifactKey: Guid(855f005a9c3c340d4bd6e1a96e0602ed) Importer(815301076,1909f56bfc062723c751e8b465ee728b)
Start importing Assets/[MiDaEm]/CPACK/Female/Layer3_Shirt/Female_Shirt_14.png using Guid(855f005a9c3c340d4bd6e1a96e0602ed) Importer(815301076,1909f56bfc062723c751e8b465ee728b)  -> (artifact id: 'b07587e62f8837218ad5c9894859545b') in 0.015270 seconds
  Import took 0.019142 seconds .

========================================================================
Received Import Request.
  Time since last request: 0.000276 seconds.
  path: Assets/[MiDaEm]/CPACK/Female/Layer3_Shirt/Female_Shirt_12.png
  artifactKey: Guid(fc9eb564460c446ec8cab3558e8fbf36) Importer(815301076,1909f56bfc062723c751e8b465ee728b)
Start importing Assets/[MiDaEm]/CPACK/Female/Layer3_Shirt/Female_Shirt_12.png using Guid(fc9eb564460c446ec8cab3558e8fbf36) Importer(815301076,1909f56bfc062723c751e8b465ee728b)  -> (artifact id: '7cdb3bb135ebbd0171b7f34301bc5e60') in 0.015346 seconds
  Import took 0.019359 seconds .

========================================================================
Received Import Request.
  Time since last request: 0.000320 seconds.
  path: Assets/[MiDaEm]/CPACK/Female/Layer3_Shirt/Female_Shirt_02.png
  artifactKey: Guid(e404ee5b9f78d4e068e98f766815a380) Importer(815301076,1909f56bfc062723c751e8b465ee728b)
Start importing Assets/[MiDaEm]/CPACK/Female/Layer3_Shirt/Female_Shirt_02.png using Guid(e404ee5b9f78d4e068e98f766815a380) Importer(815301076,1909f56bfc062723c751e8b465ee728b)  -> (artifact id: 'ceaff665feb71cb9ae6d27ed6d053ccc') in 0.015623 seconds
  Import took 0.019489 seconds .

========================================================================
Received Import Request.
  Time since last request: 0.000223 seconds.
  path: Assets/[MiDaEm]/CPACK/Female/Layer3_Shirt/Female_Shirt_09.png
  artifactKey: Guid(727f1ce98168c469aa75f2f9827dc0f3) Importer(815301076,1909f56bfc062723c751e8b465ee728b)
Start importing Assets/[MiDaEm]/CPACK/Female/Layer3_Shirt/Female_Shirt_09.png using Guid(727f1ce98168c469aa75f2f9827dc0f3) Importer(815301076,1909f56bfc062723c751e8b465ee728b)  -> (artifact id: 'b59dc3099fe344f6d7b2fea255a2ee1c') in 0.014703 seconds
  Import took 0.018926 seconds .

========================================================================
Received Import Request.
  Time since last request: 1.240752 seconds.
  path: Assets/[MiDaEm]/CPACK/Female/Layer5_Shoes/Female_Shoes_01.png
  artifactKey: Guid(4f7130244369b456da9e5b981ab77b7c) Importer(815301076,1909f56bfc062723c751e8b465ee728b)
Start importing Assets/[MiDaEm]/CPACK/Female/Layer5_Shoes/Female_Shoes_01.png using Guid(4f7130244369b456da9e5b981ab77b7c) Importer(815301076,1909f56bfc062723c751e8b465ee728b)  -> (artifact id: '1a5993000ef4780f345f80d4ba53933f') in 0.126388 seconds
  Import took 0.129797 seconds .

========================================================================
Received Import Request.
  Time since last request: 0.000206 seconds.
  path: Assets/[MiDaEm]/CPACK/Female/Layer5_Shoes/Female_Shoes_11.png
  artifactKey: Guid(20c12f371fd994ac79453a2f6078658a) Importer(815301076,1909f56bfc062723c751e8b465ee728b)
Start importing Assets/[MiDaEm]/CPACK/Female/Layer5_Shoes/Female_Shoes_11.png using Guid(20c12f371fd994ac79453a2f6078658a) Importer(815301076,1909f56bfc062723c751e8b465ee728b)  -> (artifact id: '5d28892529108a2552c0ee192fc8feab') in 0.014502 seconds
  Import took 0.019038 seconds .

========================================================================
Received Import Request.
  Time since last request: 0.000220 seconds.
  path: Assets/[MiDaEm]/CPACK/Female/Layer5_Shoes/Female_Shoes_02.png
  artifactKey: Guid(70acd38599031443f9bdc03a9211df94) Importer(815301076,1909f56bfc062723c751e8b465ee728b)
Start importing Assets/[MiDaEm]/CPACK/Female/Layer5_Shoes/Female_Shoes_02.png using Guid(70acd38599031443f9bdc03a9211df94) Importer(815301076,1909f56bfc062723c751e8b465ee728b)  -> (artifact id: '70ba91e54ef2dadd64ecaf332bbbdf02') in 0.015130 seconds
  Import took 0.018683 seconds .

========================================================================
Received Import Request.
  Time since last request: 0.000278 seconds.
  path: Assets/[MiDaEm]/CPACK/Female/Layer5_Shoes/Female_Shoes_10.png
  artifactKey: Guid(3b4f5d5448b244f819614268934b22d5) Importer(815301076,1909f56bfc062723c751e8b465ee728b)
Start importing Assets/[MiDaEm]/CPACK/Female/Layer5_Shoes/Female_Shoes_10.png using Guid(3b4f5d5448b244f819614268934b22d5) Importer(815301076,1909f56bfc062723c751e8b465ee728b)  -> (artifact id: '11bad1f3faf6e9de2b7fc869e5d4c661') in 0.014435 seconds
  Import took 0.017866 seconds .

========================================================================
Received Import Request.
  Time since last request: 0.000260 seconds.
  path: Assets/[MiDaEm]/CPACK/Female/Layer5_Shoes/Female_Shoes_09.png
  artifactKey: Guid(1a943f4cdabff402e84c1d864176b7ff) Importer(815301076,1909f56bfc062723c751e8b465ee728b)
Start importing Assets/[MiDaEm]/CPACK/Female/Layer5_Shoes/Female_Shoes_09.png using Guid(1a943f4cdabff402e84c1d864176b7ff) Importer(815301076,1909f56bfc062723c751e8b465ee728b)  -> (artifact id: '549179a5167422ff448fb40c0f7bc4c5') in 0.014181 seconds
  Import took 0.017815 seconds .

========================================================================
Received Import Request.
  Time since last request: 0.000235 seconds.
  path: Assets/[MiDaEm]/CPACK/Female/Layer5_Shoes/Female_Shoes_05.png
  artifactKey: Guid(1631aab83cd964691a57a5df844cbb46) Importer(815301076,1909f56bfc062723c751e8b465ee728b)
Start importing Assets/[MiDaEm]/CPACK/Female/Layer5_Shoes/Female_Shoes_05.png using Guid(1631aab83cd964691a57a5df844cbb46) Importer(815301076,1909f56bfc062723c751e8b465ee728b)  -> (artifact id: '4e6a4d5d122dafdb6ab873fb8cf4bf41') in 0.014765 seconds
  Import took 0.018681 seconds .

========================================================================
Received Import Request.
  Time since last request: 0.000233 seconds.
  path: Assets/[MiDaEm]/CPACK/Female/Layer5_Shoes/Female_Shoes_04.png
  artifactKey: Guid(f805d288cf91844d585126cc44b83f7e) Importer(815301076,1909f56bfc062723c751e8b465ee728b)
Start importing Assets/[MiDaEm]/CPACK/Female/Layer5_Shoes/Female_Shoes_04.png using Guid(f805d288cf91844d585126cc44b83f7e) Importer(815301076,1909f56bfc062723c751e8b465ee728b)  -> (artifact id: 'c1dc7b976245781594dd29cfec277178') in 0.013833 seconds
  Import took 0.017958 seconds .

========================================================================
Received Import Request.
  Time since last request: 0.000260 seconds.
  path: Assets/[MiDaEm]/CPACK/Female/Layer5_Shoes/Female_Shoes_06.png
  artifactKey: Guid(35a004da9b886483faa2c524203c2239) Importer(815301076,1909f56bfc062723c751e8b465ee728b)
Start importing Assets/[MiDaEm]/CPACK/Female/Layer5_Shoes/Female_Shoes_06.png using Guid(35a004da9b886483faa2c524203c2239) Importer(815301076,1909f56bfc062723c751e8b465ee728b)  -> (artifact id: 'a81512323a06672c27c0d57ba4a7ae83') in 0.013934 seconds
  Import took 0.017209 seconds .

========================================================================
Received Import Request.
  Time since last request: 0.000214 seconds.
  path: Assets/[MiDaEm]/CPACK/Female/Layer5_Shoes/Female_Shoes_12.png
  artifactKey: Guid(b6c63325bc07f435da01dc8692ec39b3) Importer(815301076,1909f56bfc062723c751e8b465ee728b)
Start importing Assets/[MiDaEm]/CPACK/Female/Layer5_Shoes/Female_Shoes_12.png using Guid(b6c63325bc07f435da01dc8692ec39b3) Importer(815301076,1909f56bfc062723c751e8b465ee728b)  -> (artifact id: '2f28ef9522338de46d7cfaaca459b868') in 0.015464 seconds
  Import took 0.019393 seconds .

========================================================================
Received Import Request.
  Time since last request: 0.000267 seconds.
  path: Assets/[MiDaEm]/CPACK/Female/Layer5_Shoes/Female_Shoes_03.png
  artifactKey: Guid(db0bb03d378ab4df7bde31689c5ed4e8) Importer(815301076,1909f56bfc062723c751e8b465ee728b)
Start importing Assets/[MiDaEm]/CPACK/Female/Layer5_Shoes/Female_Shoes_03.png using Guid(db0bb03d378ab4df7bde31689c5ed4e8) Importer(815301076,1909f56bfc062723c751e8b465ee728b)  -> (artifact id: 'fef700b9290d76f26ce2b7e6e22b4246') in 0.015619 seconds
  Import took 0.019072 seconds .

========================================================================
Received Import Request.
  Time since last request: 0.000231 seconds.
  path: Assets/[MiDaEm]/CPACK/Female/Layer5_Shoes/Female_Shoes_07.png
  artifactKey: Guid(fef07d1de06df4974b986a1f9b20f563) Importer(815301076,1909f56bfc062723c751e8b465ee728b)
Start importing Assets/[MiDaEm]/CPACK/Female/Layer5_Shoes/Female_Shoes_07.png using Guid(fef07d1de06df4974b986a1f9b20f563) Importer(815301076,1909f56bfc062723c751e8b465ee728b)  -> (artifact id: '685b33ee608daa00cffae496039301c4') in 0.016255 seconds
  Import took 0.019773 seconds .

========================================================================
Received Import Request.
  Time since last request: 0.000295 seconds.
  path: Assets/[MiDaEm]/CPACK/Female/Layer5_Shoes/Female_Shoes_08.png
  artifactKey: Guid(5abc4b13a5a1f491786992b0f1daf95e) Importer(815301076,1909f56bfc062723c751e8b465ee728b)
Start importing Assets/[MiDaEm]/CPACK/Female/Layer5_Shoes/Female_Shoes_08.png using Guid(5abc4b13a5a1f491786992b0f1daf95e) Importer(815301076,1909f56bfc062723c751e8b465ee728b)  -> (artifact id: 'd9d2c75bdaf630808f10263de664dc2e') in 0.015022 seconds
  Import took 0.018481 seconds .

========================================================================
Received Import Request.
  Time since last request: 6.488610 seconds.
  path: Assets/[MiDaEm]/CPACK/Female/Layer6_Pants/Female_Pants_01.png
  artifactKey: Guid(59e5efb80789a48a6b49c3908a9eadeb) Importer(815301076,1909f56bfc062723c751e8b465ee728b)
Start importing Assets/[MiDaEm]/CPACK/Female/Layer6_Pants/Female_Pants_01.png using Guid(59e5efb80789a48a6b49c3908a9eadeb) Importer(815301076,1909f56bfc062723c751e8b465ee728b)  -> (artifact id: 'e95f067acb7fd478cb1b18b75b1bd6f2') in 0.131667 seconds
  Import took 0.135319 seconds .

========================================================================
Received Import Request.
  Time since last request: 0.000290 seconds.
  path: Assets/[MiDaEm]/CPACK/Female/Layer6_Pants/Female_Pants_09.png
  artifactKey: Guid(f097e93b2972a4eb497c7a95856a2bda) Importer(815301076,1909f56bfc062723c751e8b465ee728b)
Start importing Assets/[MiDaEm]/CPACK/Female/Layer6_Pants/Female_Pants_09.png using Guid(f097e93b2972a4eb497c7a95856a2bda) Importer(815301076,1909f56bfc062723c751e8b465ee728b)  -> (artifact id: '9cbcbeaf41760134c63d3d32697a0805') in 0.014452 seconds
  Import took 0.017783 seconds .

========================================================================
Received Import Request.
  Time since last request: 0.000232 seconds.
  path: Assets/[MiDaEm]/CPACK/Female/Layer6_Pants/Female_Pants_07.png
  artifactKey: Guid(e8acd39606c1e4430b1b7910a9b1ce39) Importer(815301076,1909f56bfc062723c751e8b465ee728b)
Start importing Assets/[MiDaEm]/CPACK/Female/Layer6_Pants/Female_Pants_07.png using Guid(e8acd39606c1e4430b1b7910a9b1ce39) Importer(815301076,1909f56bfc062723c751e8b465ee728b)  -> (artifact id: 'f36cdfd61cfe790b851ab70a6755c0c5') in 0.016573 seconds
  Import took 0.020217 seconds .

========================================================================
Received Import Request.
  Time since last request: 0.000239 seconds.
  path: Assets/[MiDaEm]/CPACK/Female/Layer6_Pants/Female_Pants_04.png
  artifactKey: Guid(e7e27842e34a642a0a22fe5d732b341d) Importer(815301076,1909f56bfc062723c751e8b465ee728b)
Start importing Assets/[MiDaEm]/CPACK/Female/Layer6_Pants/Female_Pants_04.png using Guid(e7e27842e34a642a0a22fe5d732b341d) Importer(815301076,1909f56bfc062723c751e8b465ee728b)  -> (artifact id: '12fc0646b683e2b92e818da41a0d57be') in 0.015073 seconds
  Import took 0.018338 seconds .

========================================================================
Received Import Request.
  Time since last request: 0.000253 seconds.
  path: Assets/[MiDaEm]/CPACK/Female/Layer6_Pants/Female_Pants_05.png
  artifactKey: Guid(4503b16ab5b9d4b7980d919da4c4771d) Importer(815301076,1909f56bfc062723c751e8b465ee728b)
Start importing Assets/[MiDaEm]/CPACK/Female/Layer6_Pants/Female_Pants_05.png using Guid(4503b16ab5b9d4b7980d919da4c4771d) Importer(815301076,1909f56bfc062723c751e8b465ee728b)  -> (artifact id: '1b62553f8a26b2835de24a07e58fe0cd') in 0.017723 seconds
  Import took 0.021156 seconds .

========================================================================
Received Import Request.
  Time since last request: 0.000242 seconds.
  path: Assets/[MiDaEm]/CPACK/Female/Layer6_Pants/Female_Pants_06.png
  artifactKey: Guid(66e914544419f45f696a66ec2a2aa90d) Importer(815301076,1909f56bfc062723c751e8b465ee728b)
Start importing Assets/[MiDaEm]/CPACK/Female/Layer6_Pants/Female_Pants_06.png using Guid(66e914544419f45f696a66ec2a2aa90d) Importer(815301076,1909f56bfc062723c751e8b465ee728b)  -> (artifact id: 'cb7e5e84b5c777045b412774d297935a') in 0.014328 seconds
  Import took 0.017799 seconds .

========================================================================
Received Import Request.
  Time since last request: 0.000354 seconds.
  path: Assets/[MiDaEm]/CPACK/Female/Layer6_Pants/Female_Pants_03.png
  artifactKey: Guid(ac5df92f2fa894f17b4fbd85bfedf34d) Importer(815301076,1909f56bfc062723c751e8b465ee728b)
Start importing Assets/[MiDaEm]/CPACK/Female/Layer6_Pants/Female_Pants_03.png using Guid(ac5df92f2fa894f17b4fbd85bfedf34d) Importer(815301076,1909f56bfc062723c751e8b465ee728b)  -> (artifact id: '00e04591e21c926a86b72fb19a26c738') in 0.014316 seconds
  Import took 0.017932 seconds .

========================================================================
Received Import Request.
  Time since last request: 0.000242 seconds.
  path: Assets/[MiDaEm]/CPACK/Female/Layer6_Pants/Female_Pants_02.png
  artifactKey: Guid(6f3f0eb9d0e174a25aa7270441794a83) Importer(815301076,1909f56bfc062723c751e8b465ee728b)
Start importing Assets/[MiDaEm]/CPACK/Female/Layer6_Pants/Female_Pants_02.png using Guid(6f3f0eb9d0e174a25aa7270441794a83) Importer(815301076,1909f56bfc062723c751e8b465ee728b)  -> (artifact id: '1f87d5cd85430651b8ffae1efd3d8555') in 0.016751 seconds
  Import took 0.020870 seconds .

========================================================================
Received Import Request.
  Time since last request: 0.000246 seconds.
  path: Assets/[MiDaEm]/CPACK/Female/Layer6_Pants/Female_Pants_11.png
  artifactKey: Guid(aebfe6245a8c3431fb1d7ef3ca2970a1) Importer(815301076,1909f56bfc062723c751e8b465ee728b)
Start importing Assets/[MiDaEm]/CPACK/Female/Layer6_Pants/Female_Pants_11.png using Guid(aebfe6245a8c3431fb1d7ef3ca2970a1) Importer(815301076,1909f56bfc062723c751e8b465ee728b)  -> (artifact id: '63db4946e0d08d0ad9b605110b0ff47c') in 0.015774 seconds
  Import took 0.019326 seconds .

========================================================================
Received Import Request.
  Time since last request: 0.000238 seconds.
  path: Assets/[MiDaEm]/CPACK/Female/Layer6_Pants/Female_Pants_10.png
  artifactKey: Guid(1ea9cbeb8940e4359bb687202672f106) Importer(815301076,1909f56bfc062723c751e8b465ee728b)
Start importing Assets/[MiDaEm]/CPACK/Female/Layer6_Pants/Female_Pants_10.png using Guid(1ea9cbeb8940e4359bb687202672f106) Importer(815301076,1909f56bfc062723c751e8b465ee728b)  -> (artifact id: '0321d8378bcbc063051f42c6cd42d222') in 0.015249 seconds
  Import took 0.019349 seconds .

========================================================================
Received Import Request.
  Time since last request: 0.000261 seconds.
  path: Assets/[MiDaEm]/CPACK/Female/Layer6_Pants/Female_Pants_12.png
  artifactKey: Guid(7ef151625f71f47899835f2645efd853) Importer(815301076,1909f56bfc062723c751e8b465ee728b)
Start importing Assets/[MiDaEm]/CPACK/Female/Layer6_Pants/Female_Pants_12.png using Guid(7ef151625f71f47899835f2645efd853) Importer(815301076,1909f56bfc062723c751e8b465ee728b)  -> (artifact id: '0a7d6ea2ead592da1314c6d023a7b03e') in 0.016014 seconds
  Import took 0.019583 seconds .

========================================================================
Received Import Request.
  Time since last request: 0.000242 seconds.
  path: Assets/[MiDaEm]/CPACK/Female/Layer6_Pants/Female_Pants_08.png
  artifactKey: Guid(8d48eb527a7db4e718369e332e0b531a) Importer(815301076,1909f56bfc062723c751e8b465ee728b)
Start importing Assets/[MiDaEm]/CPACK/Female/Layer6_Pants/Female_Pants_08.png using Guid(8d48eb527a7db4e718369e332e0b531a) Importer(815301076,1909f56bfc062723c751e8b465ee728b)  -> (artifact id: '424e363761320f6453a83150cf70f1cb') in 0.015750 seconds
  Import took 0.019972 seconds .

========================================================================
Received Import Request.
  Time since last request: 8.776424 seconds.
  path: Assets/[MiDaEm]/CPACK/Sample Customized Character/FloorSample.psd
  artifactKey: Guid(e2342911efc124767beee71c47ba7682) Importer(815301076,1909f56bfc062723c751e8b465ee728b)
Start importing Assets/[MiDaEm]/CPACK/Sample Customized Character/FloorSample.psd using Guid(e2342911efc124767beee71c47ba7682) Importer(815301076,1909f56bfc062723c751e8b465ee728b)  -> (artifact id: '1cca0d9eac4af272ee8b9cb6b40721fd') in 0.023811 seconds
  Import took 0.026980 seconds .

========================================================================
Received Import Request.
  Time since last request: 0.000211 seconds.
  path: Assets/[MiDaEm]/CPACK/Sample Customized Character/SampleCustom.png
  artifactKey: Guid(28f7c81f4b5294acc88fdda0a0430361) Importer(815301076,1909f56bfc062723c751e8b465ee728b)
Start importing Assets/[MiDaEm]/CPACK/Sample Customized Character/SampleCustom.png using Guid(28f7c81f4b5294acc88fdda0a0430361) Importer(815301076,1909f56bfc062723c751e8b465ee728b)  -> (artifact id: '03d6f153f5ee9698248665ca7a80703d') in 0.140811 seconds
  Import took 0.144495 seconds .

========================================================================
Received Import Request.
  Time since last request: 0.000254 seconds.
  path: Assets/[MiDaEm]/CPACK/Sample Customized Character/SampleCustom2.png
  artifactKey: Guid(843ba169dda8f4307b6b5cc11f360acb) Importer(815301076,1909f56bfc062723c751e8b465ee728b)
Start importing Assets/[MiDaEm]/CPACK/Sample Customized Character/SampleCustom2.png using Guid(843ba169dda8f4307b6b5cc11f360acb) Importer(815301076,1909f56bfc062723c751e8b465ee728b)  -> (artifact id: '53265e88632d2e5e660c2fded8e70d82') in 0.139816 seconds
  Import took 0.143112 seconds .

========================================================================
Received Import Request.
  Time since last request: 2.496263 seconds.
  path: Assets/[MiDaEm]/CPACK/UnisexAccessories/Unisex_Glasses1.png
  artifactKey: Guid(384692b7bef9024419c691e68444b2c0) Importer(815301076,1909f56bfc062723c751e8b465ee728b)
Start importing Assets/[MiDaEm]/CPACK/UnisexAccessories/Unisex_Glasses1.png using Guid(384692b7bef9024419c691e68444b2c0) Importer(815301076,1909f56bfc062723c751e8b465ee728b)  -> (artifact id: 'a2e9154f4d5918cbce01031d366b93ca') in 0.017443 seconds
  Import took 0.021230 seconds .

========================================================================
Received Import Request.
  Time since last request: 0.000263 seconds.
  path: Assets/[MiDaEm]/CPACK/UnisexAccessories/Unisex_Hat2.png
  artifactKey: Guid(364121e7435f644439cf750c2c5fe110) Importer(815301076,1909f56bfc062723c751e8b465ee728b)
Start importing Assets/[MiDaEm]/CPACK/UnisexAccessories/Unisex_Hat2.png using Guid(364121e7435f644439cf750c2c5fe110) Importer(815301076,1909f56bfc062723c751e8b465ee728b)  -> (artifact id: '68d3f39994799967ddbd6e1c6e63aa94') in 0.018593 seconds
  Import took 0.021788 seconds .

========================================================================
Received Import Request.
  Time since last request: 0.000259 seconds.
  path: Assets/[MiDaEm]/CPACK/UnisexAccessories/Unisex_Hat3.png
  artifactKey: Guid(9b0f817498586794ea228442244e4ebc) Importer(815301076,1909f56bfc062723c751e8b465ee728b)
Start importing Assets/[MiDaEm]/CPACK/UnisexAccessories/Unisex_Hat3.png using Guid(9b0f817498586794ea228442244e4ebc) Importer(815301076,1909f56bfc062723c751e8b465ee728b)  -> (artifact id: '01b59ec0c81677315682cabd48c57640') in 0.018500 seconds
  Import took 0.021985 seconds .

========================================================================
Received Import Request.
  Time since last request: 0.000248 seconds.
  path: Assets/[MiDaEm]/CPACK/UnisexAccessories/Unisex_Glasses3.png
  artifactKey: Guid(1339226d5693522409b5b6c106b40cff) Importer(815301076,1909f56bfc062723c751e8b465ee728b)
Start importing Assets/[MiDaEm]/CPACK/UnisexAccessories/Unisex_Glasses3.png using Guid(1339226d5693522409b5b6c106b40cff) Importer(815301076,1909f56bfc062723c751e8b465ee728b)  -> (artifact id: 'bad4dba375bba3339b2fd6b4757f43c4') in 0.019327 seconds
  Import took 0.022846 seconds .

========================================================================
Received Import Request.
  Time since last request: 0.000230 seconds.
  path: Assets/[MiDaEm]/CPACK/UnisexAccessories/Unisex_Glasses6.png
  artifactKey: Guid(35a8539777ef13c4c8d163f03f7925ad) Importer(815301076,1909f56bfc062723c751e8b465ee728b)
Start importing Assets/[MiDaEm]/CPACK/UnisexAccessories/Unisex_Glasses6.png using Guid(35a8539777ef13c4c8d163f03f7925ad) Importer(815301076,1909f56bfc062723c751e8b465ee728b)  -> (artifact id: 'a4fb5ae11c62110db34a42a998dd6791') in 0.020233 seconds
  Import took 0.023891 seconds .

========================================================================
Received Import Request.
  Time since last request: 0.000276 seconds.
  path: Assets/[MiDaEm]/CPACK/UnisexAccessories/Unisex_Hat5.png
  artifactKey: Guid(9b6d32b2a1b5ab04485a3b3a1a9b8409) Importer(815301076,1909f56bfc062723c751e8b465ee728b)
Start importing Assets/[MiDaEm]/CPACK/UnisexAccessories/Unisex_Hat5.png using Guid(9b6d32b2a1b5ab04485a3b3a1a9b8409) Importer(815301076,1909f56bfc062723c751e8b465ee728b)  -> (artifact id: 'fb9c11aae53dd89cd4a680aea5f503a9') in 0.018495 seconds
  Import took 0.022962 seconds .

========================================================================
Received Import Request.
  Time since last request: 0.000229 seconds.
  path: Assets/[MiDaEm]/CPACK/UnisexAccessories/Unisex_Hat4.png
  artifactKey: Guid(92deceaa4b192d544a49f3af505a1901) Importer(815301076,1909f56bfc062723c751e8b465ee728b)
Start importing Assets/[MiDaEm]/CPACK/UnisexAccessories/Unisex_Hat4.png using Guid(92deceaa4b192d544a49f3af505a1901) Importer(815301076,1909f56bfc062723c751e8b465ee728b)  -> (artifact id: '0fe14619916a7ffa1fd9ff80f62340be') in 0.019320 seconds
  Import took 0.022605 seconds .

========================================================================
Received Import Request.
  Time since last request: 0.000223 seconds.
  path: Assets/[MiDaEm]/CPACK/UnisexAccessories/Unisex_Hat6.png
  artifactKey: Guid(fc9e978013af7f84da895fbf6a5b7102) Importer(815301076,1909f56bfc062723c751e8b465ee728b)
Start importing Assets/[MiDaEm]/CPACK/UnisexAccessories/Unisex_Hat6.png using Guid(fc9e978013af7f84da895fbf6a5b7102) Importer(815301076,1909f56bfc062723c751e8b465ee728b)  -> (artifact id: 'b88bb6977fce38912879c35ff5d65131') in 0.018351 seconds
  Import took 0.022998 seconds .

========================================================================
Received Import Request.
  Time since last request: 0.000258 seconds.
  path: Assets/[MiDaEm]/CPACK/UnisexAccessories/Unisex_Glasses2.png
  artifactKey: Guid(108e1e61270f1fe4aabcaed824f4e81a) Importer(815301076,1909f56bfc062723c751e8b465ee728b)
Start importing Assets/[MiDaEm]/CPACK/UnisexAccessories/Unisex_Glasses2.png using Guid(108e1e61270f1fe4aabcaed824f4e81a) Importer(815301076,1909f56bfc062723c751e8b465ee728b)  -> (artifact id: 'cfae4ed0ada8289190766208acfd3778') in 0.018915 seconds
  Import took 0.022130 seconds .

========================================================================
Received Import Request.
  Time since last request: 0.000317 seconds.
  path: Assets/[MiDaEm]/CPACK/UnisexAccessories/Unisex_Hat1.png
  artifactKey: Guid(ae358a4379616954db2a527255e2f8c6) Importer(815301076,1909f56bfc062723c751e8b465ee728b)
Start importing Assets/[MiDaEm]/CPACK/UnisexAccessories/Unisex_Hat1.png using Guid(ae358a4379616954db2a527255e2f8c6) Importer(815301076,1909f56bfc062723c751e8b465ee728b)  -> (artifact id: '5a635d4c084ce92344f92dd6e6556993') in 0.018621 seconds
  Import took 0.021874 seconds .

========================================================================
Received Import Request.
  Time since last request: 0.000414 seconds.
  path: Assets/[MiDaEm]/CPACK/UnisexAccessories/Unisex_Glasses5.png
  artifactKey: Guid(c211967255392c445904e45b21d977bc) Importer(815301076,1909f56bfc062723c751e8b465ee728b)
Start importing Assets/[MiDaEm]/CPACK/UnisexAccessories/Unisex_Glasses5.png using Guid(c211967255392c445904e45b21d977bc) Importer(815301076,1909f56bfc062723c751e8b465ee728b)  -> (artifact id: 'dd0b740fdf2b7c6ca7e8e4c6aa87f5c3') in 0.017506 seconds
  Import took 0.021416 seconds .

========================================================================
Received Import Request.
  Time since last request: 0.000253 seconds.
  path: Assets/[MiDaEm]/CPACK/UnisexAccessories/Unisex_Glasses4.png
  artifactKey: Guid(b98207c25f3f9154bb30e0e65e07135c) Importer(815301076,1909f56bfc062723c751e8b465ee728b)
Start importing Assets/[MiDaEm]/CPACK/UnisexAccessories/Unisex_Glasses4.png using Guid(b98207c25f3f9154bb30e0e65e07135c) Importer(815301076,1909f56bfc062723c751e8b465ee728b)  -> (artifact id: '0cc9e3eb2788b67f8c908b435231a2d0') in 0.017431 seconds
  Import took 0.022260 seconds .

========================================================================
Received Import Request.
  Time since last request: 16.012199 seconds.
  path: Assets/[MiDaEm]/CPACK/Sample Customized Character/Sample Scene.unity
  artifactKey: Guid(57725a11baf5f4af1b4d09e04dd384f2) Importer(815301076,1909f56bfc062723c751e8b465ee728b)
Start importing Assets/[MiDaEm]/CPACK/Sample Customized Character/Sample Scene.unity using Guid(57725a11baf5f4af1b4d09e04dd384f2) Importer(815301076,1909f56bfc062723c751e8b465ee728b)  -> (artifact id: '1766eae1872cf316f2ef76d587079c5d') in 0.011675 seconds
  Import took 0.016736 seconds .

========================================================================
Received Import Request.
  Time since last request: 7.827827 seconds.
  path: Assets/[MiDaEm]/CPACK/Sample Customized Character/Sample SceneSettings.lighting
  artifactKey: Guid(e5439971d79fe2947bc63b9ea42ecdfb) Importer(815301076,1909f56bfc062723c751e8b465ee728b)
Start importing Assets/[MiDaEm]/CPACK/Sample Customized Character/Sample SceneSettings.lighting using Guid(e5439971d79fe2947bc63b9ea42ecdfb) Importer(815301076,1909f56bfc062723c751e8b465ee728b) LightingSettings: switching bake backend from 1 to 0.
 -> (artifact id: 'c8c3285049d7bd03d130ac657f48cfa8') in 0.015946 seconds
  Import took 0.019357 seconds .

========================================================================
Received Import Request.
  Time since last request: 2.970290 seconds.
  path: Assets/[MiDaEm]/CPACK/Sample Customized Character/Sample Walk Animation.anim
  artifactKey: Guid(2e03f3f6c3f1442c3a19d10dd83149dc) Importer(815301076,1909f56bfc062723c751e8b465ee728b)
Start importing Assets/[MiDaEm]/CPACK/Sample Customized Character/Sample Walk Animation.anim using Guid(2e03f3f6c3f1442c3a19d10dd83149dc) Importer(815301076,1909f56bfc062723c751e8b465ee728b)  -> (artifact id: '1d8a604a63774a4043d215b74ba9a8bb') in 0.013865 seconds
  Import took 0.017666 seconds .

========================================================================
Received Import Request.
  Time since last request: 11.403457 seconds.
  path: Assets/[MiDaEm]/CPACK/Sample Customized Character/StandDown.controller
  artifactKey: Guid(48e0a812b9354417a83905088002f0d1) Importer(815301076,1909f56bfc062723c751e8b465ee728b)
Start importing Assets/[MiDaEm]/CPACK/Sample Customized Character/StandDown.controller using Guid(48e0a812b9354417a83905088002f0d1) Importer(815301076,1909f56bfc062723c751e8b465ee728b)  -> (artifact id: 'd0a1c2166d68f4cc1173d81893f051ef') in 0.016134 seconds
  Import took 0.020034 seconds .

========================================================================
Received Import Request.
  Time since last request: 3.846337 seconds.
  path: Assets/[MiDaEm]/CPACK/Sample Customized Character/StandDownMale.anim
  artifactKey: Guid(605c90389506449a58c0e3269fdf3345) Importer(815301076,1909f56bfc062723c751e8b465ee728b)
Start importing Assets/[MiDaEm]/CPACK/Sample Customized Character/StandDownMale.anim using Guid(605c90389506449a58c0e3269fdf3345) Importer(815301076,1909f56bfc062723c751e8b465ee728b)  -> (artifact id: '82fab2921063d1f0be66428401d2305d') in 0.012310 seconds
  Import took 0.017342 seconds .

========================================================================
Received Import Request.
  Time since last request: 0.000330 seconds.
  path: Assets/[MiDaEm]/CPACK/Sample Customized Character/StandDownMale.anim
  artifactKey: Guid(605c90389506449a58c0e3269fdf3345) Importer(815301076,1909f56bfc062723c751e8b465ee728b)
Start importing Assets/[MiDaEm]/CPACK/Sample Customized Character/StandDownMale.anim using Guid(605c90389506449a58c0e3269fdf3345) Importer(815301076,1909f56bfc062723c751e8b465ee728b)  -> (artifact id: '82fab2921063d1f0be66428401d2305d') in 0.004957 seconds
  Import took 0.008471 seconds .

========================================================================
Received Import Request.
  Time since last request: 2.517124 seconds.
  path: Assets/[MiDaEm]/CPACK/Sample Customized Character/StandDownMale.controller
  artifactKey: Guid(787baf22d1a5c45ecb94580569e6e31f) Importer(815301076,1909f56bfc062723c751e8b465ee728b)
Start importing Assets/[MiDaEm]/CPACK/Sample Customized Character/StandDownMale.controller using Guid(787baf22d1a5c45ecb94580569e6e31f) Importer(815301076,1909f56bfc062723c751e8b465ee728b)  -> (artifact id: '979bb0a78b09e7d914fd923a68df2eef') in 0.006176 seconds
  Import took 0.009544 seconds .

========================================================================
Received Import Request.
  Time since last request: 437.584065 seconds.
  path: Packages/com.unity.2d.spriteshape/Editor/ObjectMenuCreation/DefaultAssets/Sprite Shapes/Closed Sprite Shape.prefab
  artifactKey: Guid(c0583b4e855c74b8c82e7b9b5efb5ce9) Importer(815301076,1909f56bfc062723c751e8b465ee728b)
Start importing Packages/com.unity.2d.spriteshape/Editor/ObjectMenuCreation/DefaultAssets/Sprite Shapes/Closed Sprite Shape.prefab using Guid(c0583b4e855c74b8c82e7b9b5efb5ce9) Importer(815301076,1909f56bfc062723c751e8b465ee728b)  -> (artifact id: 'aadba435b8cc3f23cef55f11e22cef17') in 0.100936 seconds
  Import took 0.105021 seconds .

========================================================================
Received Import Request.
  Time since last request: 30.744410 seconds.
  path: Assets/Scenes/SampleScene.unity
  artifactKey: Guid(2cda990e2423bbf4892e6590ba056729) Importer(815301076,1909f56bfc062723c751e8b465ee728b)
Start importing Assets/Scenes/SampleScene.unity using Guid(2cda990e2423bbf4892e6590ba056729) Importer(815301076,1909f56bfc062723c751e8b465ee728b)  -> (artifact id: '0b71b7c69e2d6a5032f56aaed9ccd61e') in 0.024217 seconds
  Import took 0.028131 seconds .

========================================================================
Received Prepare
Registering precompiled user dll's ...
Registered in 0.001274 seconds.
Begin MonoManager ReloadAssembly
Native extension for WindowsStandalone target not found
Refreshing native plugins compatible for Editor in 0.65 ms, found 1 plugins.
Preloading 0 native plugins for Editor in 0.00 ms.
Mono: successfully reloaded assembly
- Completed reload, in  0.821 seconds
Platform modules already initialized, skipping
Refreshing native plugins compatible for Editor in 0.60 ms, found 1 plugins.
Preloading 0 native plugins for Editor in 0.00 ms.
Unloading 2107 Unused Serialized files (Serialized files now loaded: 0)
System memory in use before: 104.4 MB.
System memory in use after: 104.4 MB.

Unloading 12 unused Assets to reduce memory usage. Loaded Objects now: 2571.
Total: 2.107300 ms (FindLiveObjects: 0.316400 ms CreateObjectMapping: 0.135800 ms MarkObjects: 1.559600 ms  DeleteObjects: 0.094400 ms)

========================================================================
Received Import Request.
  Time since last request: 251.572957 seconds.
  path: Assets/Scripts/NewBehaviourScript.cs
  artifactKey: Guid(c251825a700ed924fb0c2efba446b561) Importer(815301076,1909f56bfc062723c751e8b465ee728b)
Start importing Assets/Scripts/NewBehaviourScript.cs using Guid(c251825a700ed924fb0c2efba446b561) Importer(815301076,1909f56bfc062723c751e8b465ee728b)  -> (artifact id: '12b083120cd685b22bf9b645ce5fb6c3') in 0.046125 seconds
  Import took 0.053667 seconds .

========================================================================
Received Prepare
Registering precompiled user dll's ...
Registered in 0.001141 seconds.
Begin MonoManager ReloadAssembly
Native extension for WindowsStandalone target not found
Refreshing native plugins compatible for Editor in 0.57 ms, found 1 plugins.
Preloading 0 native plugins for Editor in 0.00 ms.
Mono: successfully reloaded assembly
- Completed reload, in  0.818 seconds
Platform modules already initialized, skipping
Refreshing native plugins compatible for Editor in 0.58 ms, found 1 plugins.
Preloading 0 native plugins for Editor in 0.00 ms.
Unloading 2106 Unused Serialized files (Serialized files now loaded: 0)
System memory in use before: 104.5 MB.
System memory in use after: 104.5 MB.

Unloading 13 unused Assets to reduce memory usage. Loaded Objects now: 2574.
Total: 2.865200 ms (FindLiveObjects: 0.365600 ms CreateObjectMapping: 0.174700 ms MarkObjects: 2.219400 ms  DeleteObjects: 0.104500 ms)

========================================================================
Received Import Request.
  Time since last request: 25.373037 seconds.
  path: Assets/Scripts/PauseManager.cs
  artifactKey: Guid(a1fc2094a8fe6bd46adadefd56b9bff1) Importer(815301076,1909f56bfc062723c751e8b465ee728b)
Start importing Assets/Scripts/PauseManager.cs using Guid(a1fc2094a8fe6bd46adadefd56b9bff1) Importer(815301076,1909f56bfc062723c751e8b465ee728b)  -> (artifact id: '3ecdc577c5957d6e9ae9e723cc3b007f') in 0.014708 seconds
  Import took 0.018164 seconds .

========================================================================
Received Prepare
Registering precompiled user dll's ...
Registered in 0.001731 seconds.
Begin MonoManager ReloadAssembly
Native extension for WindowsStandalone target not found
Refreshing native plugins compatible for Editor in 0.58 ms, found 1 plugins.
Preloading 0 native plugins for Editor in 0.00 ms.
Mono: successfully reloaded assembly
- Completed reload, in  0.805 seconds
Platform modules already initialized, skipping
Refreshing native plugins compatible for Editor in 0.59 ms, found 1 plugins.
Preloading 0 native plugins for Editor in 0.00 ms.
Unloading 2107 Unused Serialized files (Serialized files now loaded: 0)
System memory in use before: 104.5 MB.
System memory in use after: 104.5 MB.

Unloading 12 unused Assets to reduce memory usage. Loaded Objects now: 2579.
Total: 2.292000 ms (FindLiveObjects: 0.244200 ms CreateObjectMapping: 0.122800 ms MarkObjects: 1.819200 ms  DeleteObjects: 0.104700 ms)

========================================================================
Received Prepare
Registering precompiled user dll's ...
Registered in 0.001184 seconds.
Begin MonoManager ReloadAssembly
Native extension for WindowsStandalone target not found
Refreshing native plugins compatible for Editor in 0.62 ms, found 1 plugins.
Preloading 0 native plugins for Editor in 0.00 ms.
Mono: successfully reloaded assembly
- Completed reload, in  0.829 seconds
Platform modules already initialized, skipping
Refreshing native plugins compatible for Editor in 0.58 ms, found 1 plugins.
Preloading 0 native plugins for Editor in 0.00 ms.
Unloading 2107 Unused Serialized files (Serialized files now loaded: 0)
System memory in use before: 104.6 MB.
System memory in use after: 104.5 MB.

Unloading 12 unused Assets to reduce memory usage. Loaded Objects now: 2583.
Total: 2.200100 ms (FindLiveObjects: 0.251900 ms CreateObjectMapping: 0.153700 ms MarkObjects: 1.690900 ms  DeleteObjects: 0.102800 ms)

========================================================================
Received Import Request.
  Time since last request: 144.759225 seconds.
  path: Assets/Scripts/PauseManager.cs
  artifactKey: Guid(a1fc2094a8fe6bd46adadefd56b9bff1) Importer(815301076,1909f56bfc062723c751e8b465ee728b)
Start importing Assets/Scripts/PauseManager.cs using Guid(a1fc2094a8fe6bd46adadefd56b9bff1) Importer(815301076,1909f56bfc062723c751e8b465ee728b)  -> (artifact id: '17d27be3ed82bfab460cbf29422a3d1a') in 0.005937 seconds
  Import took 0.009617 seconds .

========================================================================
Received Import Request.
  Time since last request: 63.930316 seconds.
  path: Assets/Scripts/PauseAction.inputactions
  artifactKey: Guid(922352fa0200154428132c8507806810) Importer(815301076,1909f56bfc062723c751e8b465ee728b)
Start importing Assets/Scripts/PauseAction.inputactions using Guid(922352fa0200154428132c8507806810) Importer(815301076,1909f56bfc062723c751e8b465ee728b)  -> (artifact id: 'a7095cc74f84e8a83961852d8fce0c64') in 0.022509 seconds
  Import took 0.026575 seconds .

========================================================================
Received Import Request.
  Time since last request: 73.949364 seconds.
  path: Assets/Scripts/PauseAction.inputactions
  artifactKey: Guid(922352fa0200154428132c8507806810) Importer(815301076,1909f56bfc062723c751e8b465ee728b)
Start importing Assets/Scripts/PauseAction.inputactions using Guid(922352fa0200154428132c8507806810) Importer(815301076,1909f56bfc062723c751e8b465ee728b)  -> (artifact id: '499430eca3f48056dc841da25bd14f55') in 0.006173 seconds
  Import took 0.009717 seconds .

========================================================================
Received Import Request.
  Time since last request: 20.902732 seconds.
  path: Assets/Scripts/PauseAction.inputactions
  artifactKey: Guid(922352fa0200154428132c8507806810) Importer(815301076,1909f56bfc062723c751e8b465ee728b)
Start importing Assets/Scripts/PauseAction.inputactions using Guid(922352fa0200154428132c8507806810) Importer(815301076,1909f56bfc062723c751e8b465ee728b)  -> (artifact id: 'f437ca56aa10c16216797a61f4f1058a') in 0.004826 seconds
  Import took 0.008295 seconds .

========================================================================
Received Import Request.
  Time since last request: 0.004910 seconds.
  path: Assets/Scripts/PauseAction.inputactions
  artifactKey: Guid(922352fa0200154428132c8507806810) Importer(815301076,1909f56bfc062723c751e8b465ee728b)
Start importing Assets/Scripts/PauseAction.inputactions using Guid(922352fa0200154428132c8507806810) Importer(815301076,1909f56bfc062723c751e8b465ee728b)  -> (artifact id: 'f437ca56aa10c16216797a61f4f1058a') in 0.005360 seconds
  Import took 0.008729 seconds .

========================================================================
Received Prepare
Registering precompiled user dll's ...
Registered in 0.001100 seconds.
Begin MonoManager ReloadAssembly
Native extension for WindowsStandalone target not found
Refreshing native plugins compatible for Editor in 0.62 ms, found 1 plugins.
Preloading 0 native plugins for Editor in 0.00 ms.
Mono: successfully reloaded assembly
- Completed reload, in  0.905 seconds
Platform modules already initialized, skipping
Refreshing native plugins compatible for Editor in 0.76 ms, found 1 plugins.
Preloading 0 native plugins for Editor in 0.00 ms.
Unloading 2108 Unused Serialized files (Serialized files now loaded: 0)
System memory in use before: 104.6 MB.
System memory in use after: 104.6 MB.

Unloading 12 unused Assets to reduce memory usage. Loaded Objects now: 2588.
Total: 3.527600 ms (FindLiveObjects: 0.357600 ms CreateObjectMapping: 0.202300 ms MarkObjects: 2.844400 ms  DeleteObjects: 0.121400 ms)

========================================================================
Received Import Request.
  Time since last request: 9.651631 seconds.
  path: Assets/Scripts/PauseAction.cs
  artifactKey: Guid(a726108d14f81104f847799458c9e039) Importer(815301076,1909f56bfc062723c751e8b465ee728b)
Start importing Assets/Scripts/PauseAction.cs using Guid(a726108d14f81104f847799458c9e039) Importer(815301076,1909f56bfc062723c751e8b465ee728b)  -> (artifact id: 'ead70b48bb250b38bb49ef9e60dbd180') in 0.006829 seconds
  Import took 0.011042 seconds .

========================================================================
Received Import Request.
  Time since last request: 0.019490 seconds.
  path: Assets/Scripts/PauseAction.cs
  artifactKey: Guid(a726108d14f81104f847799458c9e039) Importer(815301076,1909f56bfc062723c751e8b465ee728b)
Start importing Assets/Scripts/PauseAction.cs using Guid(a726108d14f81104f847799458c9e039) Importer(815301076,1909f56bfc062723c751e8b465ee728b)  -> (artifact id: 'ead70b48bb250b38bb49ef9e60dbd180') in 0.004873 seconds
  Import took 0.008746 seconds .

========================================================================
Received Prepare
Refreshing native plugins compatible for Editor in 1.82 ms, found 1 plugins.
Preloading 0 native plugins for Editor in 0.00 ms.
Unloading 10 Unused Serialized files (Serialized files now loaded: 0)
System memory in use before: 63.2 MB.
System memory in use after: 63.2 MB.

Unloading 10 unused Assets to reduce memory usage. Loaded Objects now: 2588.
Total: 2.972700 ms (FindLiveObjects: 0.259900 ms CreateObjectMapping: 0.145200 ms MarkObjects: 2.459300 ms  DeleteObjects: 0.106200 ms)

========================================================================
Received Import Request.
  Time since last request: 691.551129 seconds.
  path: Assets/Scripts/PauseManager.cs
  artifactKey: Guid(a1fc2094a8fe6bd46adadefd56b9bff1) Importer(815301076,1909f56bfc062723c751e8b465ee728b)
Start importing Assets/Scripts/PauseManager.cs using Guid(a1fc2094a8fe6bd46adadefd56b9bff1) Importer(815301076,1909f56bfc062723c751e8b465ee728b)  -> (artifact id: 'c695d6b8bf12b07f14cfe068408c881b') in 0.002909 seconds
  Import took 0.006544 seconds .

========================================================================
Received Prepare
Registering precompiled user dll's ...
Registered in 0.001300 seconds.
Begin MonoManager ReloadAssembly
Native extension for WindowsStandalone target not found
Refreshing native plugins compatible for Editor in 0.69 ms, found 1 plugins.
Preloading 0 native plugins for Editor in 0.00 ms.
Mono: successfully reloaded assembly
- Completed reload, in  0.816 seconds
Platform modules already initialized, skipping
Refreshing native plugins compatible for Editor in 0.58 ms, found 1 plugins.
Preloading 0 native plugins for Editor in 0.00 ms.
Unloading 2108 Unused Serialized files (Serialized files now loaded: 0)
System memory in use before: 104.6 MB.
System memory in use after: 104.6 MB.

Unloading 12 unused Assets to reduce memory usage. Loaded Objects now: 2592.
Total: 2.190700 ms (FindLiveObjects: 0.338300 ms CreateObjectMapping: 0.121200 ms MarkObjects: 1.634700 ms  DeleteObjects: 0.095500 ms)

========================================================================
Received Import Request.
  Time since last request: 412.670965 seconds.
  path: Assets/Scripts/PauseManager.cs
  artifactKey: Guid(a1fc2094a8fe6bd46adadefd56b9bff1) Importer(815301076,1909f56bfc062723c751e8b465ee728b)
Start importing Assets/Scripts/PauseManager.cs using Guid(a1fc2094a8fe6bd46adadefd56b9bff1) Importer(815301076,1909f56bfc062723c751e8b465ee728b)  -> (artifact id: '74bf708eae778b236792daf1f17cff18') in 0.004971 seconds
  Import took 0.008606 seconds .

========================================================================
Received Prepare
Refreshing native plugins compatible for Editor in 1.70 ms, found 1 plugins.
Preloading 0 native plugins for Editor in 0.00 ms.
Unloading 10 Unused Serialized files (Serialized files now loaded: 0)
System memory in use before: 63.2 MB.
System memory in use after: 63.2 MB.

Unloading 10 unused Assets to reduce memory usage. Loaded Objects now: 2592.
Total: 2.164100 ms (FindLiveObjects: 0.214000 ms CreateObjectMapping: 0.137900 ms MarkObjects: 1.714500 ms  DeleteObjects: 0.096700 ms)

========================================================================
Received Prepare
Registering precompiled user dll's ...
Registered in 0.000967 seconds.
Begin MonoManager ReloadAssembly
Native extension for WindowsStandalone target not found
Refreshing native plugins compatible for Editor in 0.60 ms, found 1 plugins.
Preloading 0 native plugins for Editor in 0.00 ms.
Mono: successfully reloaded assembly
- Completed reload, in  0.752 seconds
Platform modules already initialized, skipping
Refreshing native plugins compatible for Editor in 0.63 ms, found 1 plugins.
Preloading 0 native plugins for Editor in 0.00 ms.
Unloading 2108 Unused Serialized files (Serialized files now loaded: 0)
System memory in use before: 104.6 MB.
System memory in use after: 104.6 MB.

Unloading 12 unused Assets to reduce memory usage. Loaded Objects now: 2596.
Total: 2.211000 ms (FindLiveObjects: 0.354700 ms CreateObjectMapping: 0.176300 ms MarkObjects: 1.581600 ms  DeleteObjects: 0.096900 ms)

========================================================================
Received Prepare
Registering precompiled user dll's ...
Registered in 0.001144 seconds.
Begin MonoManager ReloadAssembly
Native extension for WindowsStandalone target not found
Refreshing native plugins compatible for Editor in 0.56 ms, found 1 plugins.
Preloading 0 native plugins for Editor in 0.00 ms.
Mono: successfully reloaded assembly
- Completed reload, in  0.767 seconds
Platform modules already initialized, skipping
Refreshing native plugins compatible for Editor in 0.59 ms, found 1 plugins.
Preloading 0 native plugins for Editor in 0.00 ms.
Unloading 2108 Unused Serialized files (Serialized files now loaded: 0)
System memory in use before: 104.6 MB.
System memory in use after: 104.6 MB.

Unloading 12 unused Assets to reduce memory usage. Loaded Objects now: 2600.
Total: 2.207500 ms (FindLiveObjects: 0.350500 ms CreateObjectMapping: 0.255700 ms MarkObjects: 1.508900 ms  DeleteObjects: 0.091500 ms)

========================================================================
Received Import Request.
  Time since last request: 1284.154373 seconds.
  path: Assets/Scripts/PauseManager.cs
  artifactKey: Guid(a1fc2094a8fe6bd46adadefd56b9bff1) Importer(815301076,1909f56bfc062723c751e8b465ee728b)
Start importing Assets/Scripts/PauseManager.cs using Guid(a1fc2094a8fe6bd46adadefd56b9bff1) Importer(815301076,1909f56bfc062723c751e8b465ee728b)  -> (artifact id: '1cdb66b09c14437d4e29f80d1ebdfca3') in 0.004777 seconds
  Import took 0.008024 seconds .

========================================================================
Received Prepare
Registering precompiled user dll's ...
Registered in 0.002052 seconds.
Begin MonoManager ReloadAssembly
Native extension for WindowsStandalone target not found
Refreshing native plugins compatible for Editor in 0.86 ms, found 1 plugins.
Preloading 0 native plugins for Editor in 0.00 ms.
Mono: successfully reloaded assembly
- Completed reload, in  0.785 seconds
Platform modules already initialized, skipping
Refreshing native plugins compatible for Editor in 0.62 ms, found 1 plugins.
Preloading 0 native plugins for Editor in 0.00 ms.
Unloading 2108 Unused Serialized files (Serialized files now loaded: 0)
System memory in use before: 104.7 MB.
System memory in use after: 104.6 MB.

Unloading 12 unused Assets to reduce memory usage. Loaded Objects now: 2604.
Total: 2.043300 ms (FindLiveObjects: 0.228600 ms CreateObjectMapping: 0.101700 ms MarkObjects: 1.613600 ms  DeleteObjects: 0.098000 ms)

========================================================================
Received Prepare
Registering precompiled user dll's ...
Registered in 0.001123 seconds.
Begin MonoManager ReloadAssembly
Native extension for WindowsStandalone target not found
Refreshing native plugins compatible for Editor in 1.18 ms, found 1 plugins.
Preloading 0 native plugins for Editor in 0.00 ms.
Mono: successfully reloaded assembly
- Completed reload, in  0.865 seconds
Platform modules already initialized, skipping
Refreshing native plugins compatible for Editor in 0.65 ms, found 1 plugins.
Preloading 0 native plugins for Editor in 0.00 ms.
Unloading 2121 Unused Serialized files (Serialized files now loaded: 0)
System memory in use before: 106.7 MB.
System memory in use after: 106.0 MB.

Unloading 25 unused Assets to reduce memory usage. Loaded Objects now: 2608.
Total: 2.431500 ms (FindLiveObjects: 0.398500 ms CreateObjectMapping: 0.143200 ms MarkObjects: 1.517000 ms  DeleteObjects: 0.371800 ms)

========================================================================
Received Prepare
Refreshing native plugins compatible for Editor in 1.81 ms, found 1 plugins.
Preloading 0 native plugins for Editor in 0.00 ms.
Unloading 23 Unused Serialized files (Serialized files now loaded: 0)
System memory in use before: 65.2 MB.
System memory in use after: 64.5 MB.

Unloading 23 unused Assets to reduce memory usage. Loaded Objects now: 2608.
Total: 2.812200 ms (FindLiveObjects: 0.297400 ms CreateObjectMapping: 0.124200 ms MarkObjects: 2.032500 ms  DeleteObjects: 0.355800 ms)

========================================================================
Received Import Request.
  Time since last request: 5201.070976 seconds.
  path: Assets/Scripts/PauseManager.cs
  artifactKey: Guid(a1fc2094a8fe6bd46adadefd56b9bff1) Importer(815301076,1909f56bfc062723c751e8b465ee728b)
Start importing Assets/Scripts/PauseManager.cs using Guid(a1fc2094a8fe6bd46adadefd56b9bff1) Importer(815301076,1909f56bfc062723c751e8b465ee728b)  -> (artifact id: '36e2b10dce2a6c7548f60d9d1536995a') in 0.008710 seconds
  Import took 0.012381 seconds .

========================================================================
Received Import Request.
  Time since last request: 0.019087 seconds.
  path: Assets/Scripts/PauseManager.cs
  artifactKey: Guid(a1fc2094a8fe6bd46adadefd56b9bff1) Importer(815301076,1909f56bfc062723c751e8b465ee728b)
Start importing Assets/Scripts/PauseManager.cs using Guid(a1fc2094a8fe6bd46adadefd56b9bff1) Importer(815301076,1909f56bfc062723c751e8b465ee728b)  -> (artifact id: '36e2b10dce2a6c7548f60d9d1536995a') in 0.003439 seconds
  Import took 0.006767 seconds .

========================================================================
Received Prepare
Registering precompiled user dll's ...
Registered in 0.001101 seconds.
Begin MonoManager ReloadAssembly
Native extension for WindowsStandalone target not found
Refreshing native plugins compatible for Editor in 0.97 ms, found 1 plugins.
Preloading 0 native plugins for Editor in 0.00 ms.
Mono: successfully reloaded assembly
- Completed reload, in  0.771 seconds
Platform modules already initialized, skipping
Refreshing native plugins compatible for Editor in 0.61 ms, found 1 plugins.
Preloading 0 native plugins for Editor in 0.00 ms.
Unloading 2121 Unused Serialized files (Serialized files now loaded: 0)
System memory in use before: 106.7 MB.
System memory in use after: 106.0 MB.

Unloading 25 unused Assets to reduce memory usage. Loaded Objects now: 2612.
Total: 3.055200 ms (FindLiveObjects: 0.328200 ms CreateObjectMapping: 0.169200 ms MarkObjects: 2.071700 ms  DeleteObjects: 0.485100 ms)

========================================================================
Received Prepare
Refreshing native plugins compatible for Editor in 2.09 ms, found 1 plugins.
Preloading 0 native plugins for Editor in 0.00 ms.
Unloading 23 Unused Serialized files (Serialized files now loaded: 0)
System memory in use before: 65.2 MB.
System memory in use after: 64.5 MB.

Unloading 23 unused Assets to reduce memory usage. Loaded Objects now: 2612.
Total: 2.259900 ms (FindLiveObjects: 0.286600 ms CreateObjectMapping: 0.092900 ms MarkObjects: 1.528800 ms  DeleteObjects: 0.349600 ms)

========================================================================
Received Prepare
Registering precompiled user dll's ...
Registered in 0.001412 seconds.
Begin MonoManager ReloadAssembly
Native extension for WindowsStandalone target not found
Refreshing native plugins compatible for Editor in 0.79 ms, found 1 plugins.
Preloading 0 native plugins for Editor in 0.00 ms.
Mono: successfully reloaded assembly
- Completed reload, in  0.839 seconds
Platform modules already initialized, skipping
Refreshing native plugins compatible for Editor in 0.82 ms, found 1 plugins.
Preloading 0 native plugins for Editor in 0.00 ms.
Unloading 2121 Unused Serialized files (Serialized files now loaded: 0)
System memory in use before: 106.7 MB.
System memory in use after: 106.0 MB.

Unloading 25 unused Assets to reduce memory usage. Loaded Objects now: 2616.
Total: 3.172500 ms (FindLiveObjects: 0.449300 ms CreateObjectMapping: 0.207200 ms MarkObjects: 2.135400 ms  DeleteObjects: 0.378400 ms)

========================================================================
Received Import Request.
  Time since last request: 679.547773 seconds.
  path: Assets/Animation
  artifactKey: Guid(9c960b3b132ac6f4da3af9d986a410ad) Importer(815301076,1909f56bfc062723c751e8b465ee728b)
Start importing Assets/Animation using Guid(9c960b3b132ac6f4da3af9d986a410ad) Importer(815301076,1909f56bfc062723c751e8b465ee728b)  -> (artifact id: '4e4c04ef191803f1dc8a6bf3e60366aa') in 0.013396 seconds
  Import took 0.018161 seconds .

========================================================================
Received Import Request.
  Time since last request: 10.847677 seconds.
  path: Assets/Animation/New Animator Controller.controller
  artifactKey: Guid(e9d09427254499e4ebcf1e4a784785c1) Importer(815301076,1909f56bfc062723c751e8b465ee728b)
Start importing Assets/Animation/New Animator Controller.controller using Guid(e9d09427254499e4ebcf1e4a784785c1) Importer(815301076,1909f56bfc062723c751e8b465ee728b)  -> (artifact id: 'e46e1da4f827965ffb92e66b7271859a') in 0.018990 seconds
  Import took 0.024525 seconds .

========================================================================
Received Import Request.
  Time since last request: 12.452042 seconds.
  path: Assets/Animation/ButtonController.controller
  artifactKey: Guid(e9d09427254499e4ebcf1e4a784785c1) Importer(815301076,1909f56bfc062723c751e8b465ee728b)
Start importing Assets/Animation/ButtonController.controller using Guid(e9d09427254499e4ebcf1e4a784785c1) Importer(815301076,1909f56bfc062723c751e8b465ee728b)  -> (artifact id: '3f255f22e6bf010d5a668cd97f4e3722') in 0.008791 seconds
  Import took 0.012990 seconds .

========================================================================
Received Import Request.
  Time since last request: 46.644078 seconds.
  path: Assets/Animation/ButtonAnim.anim
  artifactKey: Guid(55e7f8456488eb047bea8e53002e6576) Importer(815301076,1909f56bfc062723c751e8b465ee728b)
Start importing Assets/Animation/ButtonAnim.anim using Guid(55e7f8456488eb047bea8e53002e6576) Importer(815301076,1909f56bfc062723c751e8b465ee728b)  -> (artifact id: '417fb03571285d385bc2d6099c3842f0') in 0.008877 seconds
  Import took 0.026409 seconds .

========================================================================
Received Import Request.
  Time since last request: 0.000897 seconds.
  path: Assets/Animation/ButtonAnim.anim
  artifactKey: Guid(55e7f8456488eb047bea8e53002e6576) Importer(815301076,1909f56bfc062723c751e8b465ee728b)
Start importing Assets/Animation/ButtonAnim.anim using Guid(55e7f8456488eb047bea8e53002e6576) Importer(815301076,1909f56bfc062723c751e8b465ee728b)  -> (artifact id: '417fb03571285d385bc2d6099c3842f0') in 0.003772 seconds
  Import took 0.007124 seconds .

========================================================================
Received Prepare
Refreshing native plugins compatible for Editor in 1.93 ms, found 1 plugins.
Preloading 0 native plugins for Editor in 0.00 ms.
Unloading 23 Unused Serialized files (Serialized files now loaded: 0)
System memory in use before: 65.2 MB.
System memory in use after: 64.6 MB.

Unloading 23 unused Assets to reduce memory usage. Loaded Objects now: 2616.
Total: 3.343200 ms (FindLiveObjects: 0.335100 ms CreateObjectMapping: 0.099000 ms MarkObjects: 2.528200 ms  DeleteObjects: 0.379200 ms)

========================================================================
Received Prepare
Registering precompiled user dll's ...
Registered in 0.001508 seconds.
Begin MonoManager ReloadAssembly
Native extension for WindowsStandalone target not found
Refreshing native plugins compatible for Editor in 0.76 ms, found 1 plugins.
Preloading 0 native plugins for Editor in 0.00 ms.
Mono: successfully reloaded assembly
- Completed reload, in  0.765 seconds
Platform modules already initialized, skipping
Refreshing native plugins compatible for Editor in 0.59 ms, found 1 plugins.
Preloading 0 native plugins for Editor in 0.00 ms.
Unloading 2121 Unused Serialized files (Serialized files now loaded: 0)
System memory in use before: 106.7 MB.
System memory in use after: 106.0 MB.

Unloading 25 unused Assets to reduce memory usage. Loaded Objects now: 2620.
Total: 2.657300 ms (FindLiveObjects: 0.308700 ms CreateObjectMapping: 0.171300 ms MarkObjects: 1.842200 ms  DeleteObjects: 0.334100 ms)

AssetImportWorkerClient::OnTransportError - code=2 error=End of file
