Using pre-set license
Built from '2020.3/staging' branch; Version is '2020.3.6f1 (338bb68529b2) revision 3378102'; Using compiler version '192528614'; Build Type 'Release'
OS: 'Windows 10 Pro; OS build 21390.1; Version 2009; 64bit' Language: 'ko' Physical Memory: 16251 MB
BatchMode: 1, IsHumanControllingUs: 0, StartBugReporterOnCrash: 0, Is64bit: 1, IsPro: 0

 COMMAND LINE ARGUMENTS:
C:\Program Files\Unity\Hub\2020.3.6f1\Editor\Unity.exe
-adb2
-batchMode
-noUpm
-name
AssetImportWorker0
-projectPath
C:/Users/dosak/University Stimulator
-logFile
Logs/AssetImportWorker0.log
-srvPort
11455
Successfully changed project path to: C:/Users/dosak/University Stimulator
C:/Users/dosak/University Stimulator
Using Asset Import Pipeline V2.
Refreshing native plugins compatible for Editor in 59.38 ms, found 1 plugins.
Preloading 0 native plugins for Editor in 0.00 ms.
Initialize engine version: 2020.3.6f1 (338bb68529b2)
[Subsystems] Discovering subsystems at path C:/Program Files/Unity/Hub/2020.3.6f1/Editor/Data/Resources/UnitySubsystems
[Subsystems] Discovering subsystems at path C:/Users/dosak/University Stimulator/Assets
GfxDevice: creating device client; threaded=0
Direct3D:
    Version:  Direct3D 11.0 [level 11.1]
    Renderer: NVIDIA GeForce GTX 1660 Ti (ID=0x2191)
    Vendor:   
    VRAM:     5991 MB
    Driver:   27.21.14.6647
Initialize mono
Mono path[0] = 'C:/Program Files/Unity/Hub/2020.3.6f1/Editor/Data/Managed'
Mono path[1] = 'C:/Program Files/Unity/Hub/2020.3.6f1/Editor/Data/MonoBleedingEdge/lib/mono/unityjit'
Mono config path = 'C:/Program Files/Unity/Hub/2020.3.6f1/Editor/Data/MonoBleedingEdge/etc'
Using monoOptions --debugger-agent=transport=dt_socket,embedding=1,server=y,suspend=n,address=127.0.0.1:56308
Begin MonoManager ReloadAssembly
Registering precompiled unity dll's ...
Register platform support module: C:/Program Files/Unity/Hub/2020.3.6f1/Editor/Data/PlaybackEngines/WindowsStandaloneSupport/UnityEditor.WindowsStandalone.Extensions.dll
Registered in 0.001992 seconds.
Native extension for WindowsStandalone target not found
Refreshing native plugins compatible for Editor in 59.53 ms, found 1 plugins.
Preloading 0 native plugins for Editor in 0.00 ms.
Mono: successfully reloaded assembly
- Completed reload, in  1.063 seconds
Platform modules already initialized, skipping
Registering precompiled user dll's ...
Registered in 0.001111 seconds.
Begin MonoManager ReloadAssembly
Native extension for WindowsStandalone target not found
Refreshing native plugins compatible for Editor in 56.99 ms, found 1 plugins.
Preloading 0 native plugins for Editor in 0.00 ms.
Mono: successfully reloaded assembly
- Completed reload, in  0.920 seconds
Platform modules already initialized, skipping
========================================================================
Worker process is ready to serve import requests
Launched and connected shader compiler UnityShaderCompiler.exe after 0.04 seconds
Refreshing native plugins compatible for Editor in 0.56 ms, found 1 plugins.
Preloading 0 native plugins for Editor in 0.00 ms.
Unloading 2111 Unused Serialized files (Serialized files now loaded: 0)
System memory in use before: 100.6 MB.
System memory in use after: 100.6 MB.

Unloading 26 unused Assets to reduce memory usage. Loaded Objects now: 2555.
Total: 2.293800 ms (FindLiveObjects: 0.240000 ms CreateObjectMapping: 0.102200 ms MarkObjects: 1.816700 ms  DeleteObjects: 0.134000 ms)

========================================================================
Received Import Request.
  path: Assets/Scripts/CharacterMovement.cs
  artifactKey: Guid(59b3c4aff05524f43b3e667548cb4bf9) Importer(815301076,1909f56bfc062723c751e8b465ee728b)
Start importing Assets/Scripts/CharacterMovement.cs using Guid(59b3c4aff05524f43b3e667548cb4bf9) Importer(815301076,1909f56bfc062723c751e8b465ee728b)  -> (artifact id: 'ccf8a8bc86302ee53df00d9ae4410720') in 0.050200 seconds
  Import took 0.053674 seconds .

========================================================================
Received Import Request.
  Time since last request: 12.493114 seconds.
  path: Assets/Palettes/Isometric Palette.prefab
  artifactKey: Guid(67eac6842bd70c542b05d85ea2086085) Importer(815301076,1909f56bfc062723c751e8b465ee728b)
Start importing Assets/Palettes/Isometric Palette.prefab using Guid(67eac6842bd70c542b05d85ea2086085) Importer(815301076,1909f56bfc062723c751e8b465ee728b)  -> (artifact id: '144e8324a95d4a5adc7867539bcace13') in 0.049433 seconds
  Import took 0.052708 seconds .

========================================================================
Received Import Request.
  Time since last request: 395.913503 seconds.
  path: Assets/Scripts/CharacterMovement.cs
  artifactKey: Guid(59b3c4aff05524f43b3e667548cb4bf9) Importer(815301076,1909f56bfc062723c751e8b465ee728b)
Start importing Assets/Scripts/CharacterMovement.cs using Guid(59b3c4aff05524f43b3e667548cb4bf9) Importer(815301076,1909f56bfc062723c751e8b465ee728b)  -> (artifact id: '46419ac74713ba69f75937d5474885c7') in 0.005801 seconds
  Import took 0.010240 seconds .

========================================================================
Received Import Request.
  Time since last request: 0.217117 seconds.
  path: Assets/Scripts/CharacterMovement.cs
  artifactKey: Guid(59b3c4aff05524f43b3e667548cb4bf9) Importer(815301076,1909f56bfc062723c751e8b465ee728b)
Start importing Assets/Scripts/CharacterMovement.cs using Guid(59b3c4aff05524f43b3e667548cb4bf9) Importer(815301076,1909f56bfc062723c751e8b465ee728b)  -> (artifact id: '46419ac74713ba69f75937d5474885c7') in 0.004391 seconds
  Import took 0.008615 seconds .

========================================================================
Received Prepare
Registering precompiled user dll's ...
Registered in 0.001025 seconds.
Begin MonoManager ReloadAssembly
Native extension for WindowsStandalone target not found
Refreshing native plugins compatible for Editor in 0.55 ms, found 1 plugins.
Preloading 0 native plugins for Editor in 0.00 ms.
Mono: successfully reloaded assembly
- Completed reload, in  0.765 seconds
Platform modules already initialized, skipping
Refreshing native plugins compatible for Editor in 0.58 ms, found 1 plugins.
Preloading 0 native plugins for Editor in 0.00 ms.
Unloading 2106 Unused Serialized files (Serialized files now loaded: 0)
System memory in use before: 100.7 MB.
System memory in use after: 100.7 MB.

Unloading 12 unused Assets to reduce memory usage. Loaded Objects now: 2559.
Total: 2.691000 ms (FindLiveObjects: 0.328000 ms CreateObjectMapping: 0.090400 ms MarkObjects: 2.176600 ms  DeleteObjects: 0.095300 ms)

========================================================================
Received Prepare
Registering precompiled user dll's ...
Registered in 0.001400 seconds.
Begin MonoManager ReloadAssembly
Native extension for WindowsStandalone target not found
Refreshing native plugins compatible for Editor in 0.54 ms, found 1 plugins.
Preloading 0 native plugins for Editor in 0.00 ms.
Mono: successfully reloaded assembly
- Completed reload, in  0.772 seconds
Platform modules already initialized, skipping
Refreshing native plugins compatible for Editor in 0.55 ms, found 1 plugins.
Preloading 0 native plugins for Editor in 0.00 ms.
Unloading 2106 Unused Serialized files (Serialized files now loaded: 0)
System memory in use before: 100.8 MB.
System memory in use after: 100.8 MB.

Unloading 12 unused Assets to reduce memory usage. Loaded Objects now: 2563.
Total: 2.380600 ms (FindLiveObjects: 0.257900 ms CreateObjectMapping: 0.200600 ms MarkObjects: 1.823900 ms  DeleteObjects: 0.097100 ms)

========================================================================
Received Import Request.
  Time since last request: 131.265585 seconds.
  path: Assets/Scripts/CharacterMovement.cs
  artifactKey: Guid(59b3c4aff05524f43b3e667548cb4bf9) Importer(815301076,1909f56bfc062723c751e8b465ee728b)
Start importing Assets/Scripts/CharacterMovement.cs using Guid(59b3c4aff05524f43b3e667548cb4bf9) Importer(815301076,1909f56bfc062723c751e8b465ee728b)  -> (artifact id: '523f62d2bc98d8009068fe4bcaeeae23') in 0.006080 seconds
  Import took 0.009771 seconds .

========================================================================
Received Prepare
Refreshing native plugins compatible for Editor in 2.03 ms, found 1 plugins.
Preloading 0 native plugins for Editor in 0.00 ms.
Unloading 10 Unused Serialized files (Serialized files now loaded: 0)
System memory in use before: 59.4 MB.
System memory in use after: 59.4 MB.

Unloading 10 unused Assets to reduce memory usage. Loaded Objects now: 2563.
Total: 2.885700 ms (FindLiveObjects: 0.259000 ms CreateObjectMapping: 0.111400 ms MarkObjects: 2.391600 ms  DeleteObjects: 0.122200 ms)

========================================================================
Received Prepare
Registering precompiled user dll's ...
Registered in 0.001101 seconds.
Begin MonoManager ReloadAssembly
Native extension for WindowsStandalone target not found
Refreshing native plugins compatible for Editor in 0.68 ms, found 1 plugins.
Preloading 0 native plugins for Editor in 0.00 ms.
Mono: successfully reloaded assembly
- Completed reload, in  0.744 seconds
Platform modules already initialized, skipping
Refreshing native plugins compatible for Editor in 0.54 ms, found 1 plugins.
Preloading 0 native plugins for Editor in 0.00 ms.
Unloading 2106 Unused Serialized files (Serialized files now loaded: 0)
System memory in use before: 100.8 MB.
System memory in use after: 100.8 MB.

Unloading 12 unused Assets to reduce memory usage. Loaded Objects now: 2567.
Total: 2.050200 ms (FindLiveObjects: 0.190100 ms CreateObjectMapping: 0.093600 ms MarkObjects: 1.668600 ms  DeleteObjects: 0.097100 ms)

AssetImportWorkerClient::OnTransportError - code=2 error=End of file
